[debug] [2026-02-08T18:01:41.546Z] ----------------------------------------------------------------------
[debug] [2026-02-08T18:01:41.549Z] Command:       C:\Program Files\nodejs\node.exe C:\Users\chait\AppData\Roaming\npm\node_modules\firebase-tools\lib\bin\firebase.js deploy
[debug] [2026-02-08T18:01:41.549Z] CLI Version:   15.0.0
[debug] [2026-02-08T18:01:41.549Z] Platform:      win32
[debug] [2026-02-08T18:01:41.549Z] Node Version:  v22.18.0
[debug] [2026-02-08T18:01:41.549Z] Time:          Sun Feb 08 2026 23:31:41 GMT+0530 (India Standard Time)
[debug] [2026-02-08T18:01:41.550Z] ----------------------------------------------------------------------
[debug] 
[debug] [2026-02-08T18:01:44.308Z] > command requires scopes: ["email","openid","https://www.googleapis.com/auth/cloudplatformprojects.readonly","https://www.googleapis.com/auth/firebase","https://www.googleapis.com/auth/cloud-platform"]
[debug] [2026-02-08T18:01:44.308Z] > authorizing via signed-in user (chaitanyachinmaya900@gmail.com)
[debug] [2026-02-08T18:01:44.308Z] [iam] checking project unspace4 for permissions ["cloudfunctions.functions.create","cloudfunctions.functions.delete","cloudfunctions.functions.get","cloudfunctions.functions.list","cloudfunctions.functions.update","cloudfunctions.operations.get","datastore.indexes.create","datastore.indexes.delete","datastore.indexes.list","datastore.indexes.update","firebase.projects.get","firebasehosting.sites.update","firebaserules.releases.create","firebaserules.releases.update","firebaserules.rulesets.create"]
[debug] [2026-02-08T18:01:44.309Z] Checked if tokens are valid: false, expires at: 1770563299616
[debug] [2026-02-08T18:01:44.309Z] Checked if tokens are valid: false, expires at: 1770563299616
[debug] [2026-02-08T18:01:44.310Z] > refreshing access token with scopes: []
[debug] [2026-02-08T18:01:44.311Z] >>> [apiv2][query] POST https://www.googleapis.com/oauth2/v3/token [none]
[debug] [2026-02-08T18:01:44.311Z] >>> [apiv2][body] POST https://www.googleapis.com/oauth2/v3/token [omitted]
[debug] [2026-02-08T18:01:44.786Z] <<< [apiv2][status] POST https://www.googleapis.com/oauth2/v3/token 200
[debug] [2026-02-08T18:01:44.786Z] <<< [apiv2][body] POST https://www.googleapis.com/oauth2/v3/token [omitted]
[debug] [2026-02-08T18:01:44.795Z] >>> [apiv2][query] POST https://cloudresourcemanager.googleapis.com/v1/projects/unspace4:testIamPermissions [none]
[debug] [2026-02-08T18:01:44.795Z] >>> [apiv2][(partial)header] POST https://cloudresourcemanager.googleapis.com/v1/projects/unspace4:testIamPermissions x-goog-quota-user=projects/unspace4
[debug] [2026-02-08T18:01:44.795Z] >>> [apiv2][body] POST https://cloudresourcemanager.googleapis.com/v1/projects/unspace4:testIamPermissions {"permissions":["cloudfunctions.functions.create","cloudfunctions.functions.delete","cloudfunctions.functions.get","cloudfunctions.functions.list","cloudfunctions.functions.update","cloudfunctions.operations.get","datastore.indexes.create","datastore.indexes.delete","datastore.indexes.list","datastore.indexes.update","firebase.projects.get","firebasehosting.sites.update","firebaserules.releases.create","firebaserules.releases.update","firebaserules.rulesets.create"]}
[debug] [2026-02-08T18:01:46.990Z] <<< [apiv2][status] POST https://cloudresourcemanager.googleapis.com/v1/projects/unspace4:testIamPermissions 200
[debug] [2026-02-08T18:01:46.990Z] <<< [apiv2][body] POST https://cloudresourcemanager.googleapis.com/v1/projects/unspace4:testIamPermissions {"permissions":["cloudfunctions.functions.create","cloudfunctions.functions.delete","cloudfunctions.functions.get","cloudfunctions.functions.list","cloudfunctions.functions.update","cloudfunctions.operations.get","datastore.indexes.create","datastore.indexes.delete","datastore.indexes.list","datastore.indexes.update","firebase.projects.get","firebasehosting.sites.update","firebaserules.releases.create","firebaserules.releases.update","firebaserules.rulesets.create"]}
[debug] [2026-02-08T18:01:46.991Z] Checked if tokens are valid: true, expires at: 1770577303786
[debug] [2026-02-08T18:01:46.991Z] Checked if tokens are valid: true, expires at: 1770577303786
[debug] [2026-02-08T18:01:46.991Z] >>> [apiv2][query] POST https://iam.googleapis.com/v1/projects/unspace4/serviceAccounts/unspace4@appspot.gserviceaccount.com:testIamPermissions [none]
[debug] [2026-02-08T18:01:46.991Z] >>> [apiv2][body] POST https://iam.googleapis.com/v1/projects/unspace4/serviceAccounts/unspace4@appspot.gserviceaccount.com:testIamPermissions {"permissions":["iam.serviceAccounts.actAs"]}
[debug] [2026-02-08T18:01:48.747Z] <<< [apiv2][status] POST https://iam.googleapis.com/v1/projects/unspace4/serviceAccounts/unspace4@appspot.gserviceaccount.com:testIamPermissions 200
[debug] [2026-02-08T18:01:48.747Z] <<< [apiv2][body] POST https://iam.googleapis.com/v1/projects/unspace4/serviceAccounts/unspace4@appspot.gserviceaccount.com:testIamPermissions {"permissions":["iam.serviceAccounts.actAs"]}
[debug] [2026-02-08T18:01:48.748Z] Checked if tokens are valid: true, expires at: 1770577303786
[debug] [2026-02-08T18:01:48.748Z] Checked if tokens are valid: true, expires at: 1770577303786
[debug] [2026-02-08T18:01:48.749Z] >>> [apiv2][query] GET https://firebase.googleapis.com/v1beta1/projects/unspace4 [none]
[debug] [2026-02-08T18:01:49.255Z] <<< [apiv2][status] GET https://firebase.googleapis.com/v1beta1/projects/unspace4 200
[debug] [2026-02-08T18:01:49.256Z] <<< [apiv2][body] GET https://firebase.googleapis.com/v1beta1/projects/unspace4 {"projectId":"unspace4","projectNumber":"403008807373","displayName":"unspace","name":"projects/unspace4","resources":{"hostingSite":"unspace4"},"state":"ACTIVE","etag":"1_27cdd6d5-d9ce-4444-91e6-45d327a56b2a"}
[info] 
[info] === Deploying to 'unspace4'...
[info] 
[info] i  deploying storage, firestore, functions, hosting 
[info] i  storage: ensuring required API firebasestorage.googleapis.com is enabled... 
[debug] [2026-02-08T18:01:49.267Z] Checked if tokens are valid: true, expires at: 1770577303786
[debug] [2026-02-08T18:01:49.267Z] Checked if tokens are valid: true, expires at: 1770577303786
[debug] [2026-02-08T18:01:49.268Z] >>> [apiv2][query] GET https://firebasestorage.googleapis.com/v1alpha/projects/unspace4/defaultBucket [none]
[debug] [2026-02-08T18:01:50.182Z] <<< [apiv2][status] GET https://firebasestorage.googleapis.com/v1alpha/projects/unspace4/defaultBucket 200
[debug] [2026-02-08T18:01:50.183Z] <<< [apiv2][body] GET https://firebasestorage.googleapis.com/v1alpha/projects/unspace4/defaultBucket {"name":"projects/unspace4/defaultBucket","location":"US-CENTRAL1","bucket":{"name":"projects/unspace4/buckets/unspace4.firebasestorage.app"},"storageClass":"REGIONAL"}
[info] i  firebase.storage: checking storage.rules for compilation errors... 
[debug] [2026-02-08T18:01:50.186Z] Checked if tokens are valid: true, expires at: 1770577303786
[debug] [2026-02-08T18:01:50.186Z] Checked if tokens are valid: true, expires at: 1770577303786
[debug] [2026-02-08T18:01:50.187Z] >>> [apiv2][query] POST https://firebaserules.googleapis.com/v1/projects/unspace4:test [none]
[debug] [2026-02-08T18:01:50.187Z] >>> [apiv2][body] POST https://firebaserules.googleapis.com/v1/projects/unspace4:test [omitted]
[debug] [2026-02-08T18:01:51.679Z] <<< [apiv2][status] POST https://firebaserules.googleapis.com/v1/projects/unspace4:test 200
[debug] [2026-02-08T18:01:51.679Z] <<< [apiv2][body] POST https://firebaserules.googleapis.com/v1/projects/unspace4:test {}
[info] +  firebase.storage: rules file storage.rules compiled successfully 
[info] i  firestore: ensuring required API firestore.googleapis.com is enabled... 
[info] i  firestore: ensuring required API firestore.googleapis.com is enabled... 
[debug] [2026-02-08T18:01:51.686Z] Checked if tokens are valid: true, expires at: 1770577303786
[debug] [2026-02-08T18:01:51.686Z] Checked if tokens are valid: true, expires at: 1770577303786
[debug] [2026-02-08T18:01:51.686Z] >>> [apiv2][query] GET https://firestore.googleapis.com/v1/projects/unspace4/databases/unspace4 [none]
[debug] [2026-02-08T18:01:52.151Z] <<< [apiv2][status] GET https://firestore.googleapis.com/v1/projects/unspace4/databases/unspace4 200
[debug] [2026-02-08T18:01:52.152Z] <<< [apiv2][body] GET https://firestore.googleapis.com/v1/projects/unspace4/databases/unspace4 {"name":"projects/unspace4/databases/unspace4","uid":"789c4090-b0ca-4992-b2fb-762f82661e7b","createTime":"2025-10-07T04:44:53.472508Z","updateTime":"2025-10-07T04:44:53.472508Z","locationId":"asia-south1","type":"FIRESTORE_NATIVE","concurrencyMode":"PESSIMISTIC","versionRetentionPeriod":"3600s","earliestVersionTime":"2026-02-08T17:01:52.472279Z","appEngineIntegrationMode":"DISABLED","pointInTimeRecoveryEnablement":"POINT_IN_TIME_RECOVERY_DISABLED","deleteProtectionState":"DELETE_PROTECTION_DISABLED","databaseEdition":"STANDARD","freeTier":false,"realtimeUpdatesMode":"REALTIME_UPDATES_MODE_ENABLED","etag":"INXruIm9ypIDMPOu2qykkZAD"}
[info] i  firestore: reading indexes from firestore.indexes.json... 
[info] i  cloud.firestore: checking firestore.rules for compilation errors... 
[debug] [2026-02-08T18:01:52.156Z] Checked if tokens are valid: true, expires at: 1770577303786
[debug] [2026-02-08T18:01:52.157Z] Checked if tokens are valid: true, expires at: 1770577303786
[debug] [2026-02-08T18:01:52.157Z] >>> [apiv2][query] POST https://firebaserules.googleapis.com/v1/projects/unspace4:test [none]
[debug] [2026-02-08T18:01:52.157Z] >>> [apiv2][body] POST https://firebaserules.googleapis.com/v1/projects/unspace4:test [omitted]
[debug] [2026-02-08T18:01:53.500Z] <<< [apiv2][status] POST https://firebaserules.googleapis.com/v1/projects/unspace4:test 200
[debug] [2026-02-08T18:01:53.501Z] <<< [apiv2][body] POST https://firebaserules.googleapis.com/v1/projects/unspace4:test {}
[info] +  cloud.firestore: rules file firestore.rules compiled successfully 
[debug] [2026-02-08T18:01:53.506Z] Checked if tokens are valid: true, expires at: 1770577303786
[debug] [2026-02-08T18:01:53.506Z] Checked if tokens are valid: true, expires at: 1770577303786
[debug] [2026-02-08T18:01:53.506Z] >>> [apiv2][query] GET https://cloudresourcemanager.googleapis.com/v1/projects/unspace4 [none]
[debug] [2026-02-08T18:01:55.376Z] <<< [apiv2][status] GET https://cloudresourcemanager.googleapis.com/v1/projects/unspace4 200
[debug] [2026-02-08T18:01:55.376Z] <<< [apiv2][body] GET https://cloudresourcemanager.googleapis.com/v1/projects/unspace4 {"projectNumber":"403008807373","projectId":"unspace4","lifecycleState":"ACTIVE","name":"unspace","labels":{"firebase":"enabled","firebase-core":"disabled"},"createTime":"2025-10-06T13:38:14.738114Z"}
[info] i  functions: preparing codebase default for deployment 
[info] i  functions: ensuring required API cloudfunctions.googleapis.com is enabled... 
[info] i  functions: ensuring required API cloudbuild.googleapis.com is enabled... 
[info] i  artifactregistry: ensuring required API artifactregistry.googleapis.com is enabled... 
[debug] [2026-02-08T18:01:55.383Z] Checked if tokens are valid: true, expires at: 1770577303786
[debug] [2026-02-08T18:01:55.383Z] Checked if tokens are valid: true, expires at: 1770577303786
[debug] [2026-02-08T18:01:55.384Z] >>> [apiv2][query] GET https://firebase.googleapis.com/v1beta1/projects/unspace4/adminSdkConfig [none]
[debug] [2026-02-08T18:01:56.592Z] <<< [apiv2][status] GET https://firebase.googleapis.com/v1beta1/projects/unspace4/adminSdkConfig 200
[debug] [2026-02-08T18:01:56.593Z] <<< [apiv2][body] GET https://firebase.googleapis.com/v1beta1/projects/unspace4/adminSdkConfig {"projectId":"unspace4","storageBucket":"unspace4.firebasestorage.app"}
[debug] [2026-02-08T18:01:56.594Z] Checked if tokens are valid: true, expires at: 1770577303786
[debug] [2026-02-08T18:01:56.594Z] Checked if tokens are valid: true, expires at: 1770577303786
[debug] [2026-02-08T18:01:56.594Z] >>> [apiv2][query] GET https://runtimeconfig.googleapis.com/v1beta1/projects/unspace4/configs [none]
[debug] [2026-02-08T18:01:57.177Z] <<< [apiv2][status] GET https://runtimeconfig.googleapis.com/v1beta1/projects/unspace4/configs 200
[debug] [2026-02-08T18:01:57.177Z] <<< [apiv2][body] GET https://runtimeconfig.googleapis.com/v1beta1/projects/unspace4/configs {}
[debug] [2026-02-08T18:01:57.183Z] Validating nodejs source
[warn] !  functions: package.json indicates an outdated version of firebase-functions. Please upgrade using npm install --save firebase-functions@latest in your functions directory. 
[warn] !  functions: Please note that there will be breaking changes when you upgrade. 
[debug] [2026-02-08T18:02:00.001Z] > [functions] package.json contents: {
  "name": "functions",
  "description": "Cloud Functions for Firebase",
  "scripts": {
    "lint": "eslint .",
    "serve": "firebase emulators:start --only functions",
    "shell": "firebase functions:shell",
    "start": "npm run shell",
    "deploy": "firebase deploy --only functions",
    "logs": "firebase functions:log"
  },
  "engines": {
    "node": "22"
  },
  "main": "index.js",
  "dependencies": {
    "firebase-admin": "^12.7.0",
    "firebase-functions": "^6.5.0",
    "stripe": "^16.8.0",
    "multer": "^1.4.5-lts.1",
    "cors": "^2.8.5",
    "express": "^4.21.1"
  },
  "devDependencies": {
    "eslint": "^8.15.0",
    "eslint-config-google": "^0.14.0",
    "firebase-functions-test": "^3.1.0"
  },
  "private": true
}
[debug] [2026-02-08T18:02:00.001Z] Building nodejs source
[info] i  functions: Loading and analyzing source code for codebase default to determine what to deploy 
[debug] [2026-02-08T18:02:00.005Z] Could not find functions.yaml. Must use http discovery
[debug] [2026-02-08T18:02:00.032Z] Found firebase-functions binary at 'C:\Users\chait\unspace\functions\node_modules\.bin\firebase-functions'
[info] Serving at port 8063

[error] functions.auth is not available during analysis — skipping onUserCreate export.

[error] functions.firestore is not available during analysis — skipping processAITask export.

[debug] [2026-02-08T18:02:00.928Z] Got response from /__/functions.yaml {"endpoints":{"api":{"availableMemoryMb":null,"timeoutSeconds":null,"minInstances":null,"maxInstances":10,"ingressSettings":null,"concurrency":null,"serviceAccountEmail":null,"vpc":null,"platform":"gcfv2","labels":{},"httpsTrigger":{},"entryPoint":"api"},"createListing":{"availableMemoryMb":null,"timeoutSeconds":null,"minInstances":null,"maxInstances":10,"ingressSettings":null,"concurrency":null,"serviceAccountEmail":null,"vpc":null,"platform":"gcfv2","labels":{},"callableTrigger":{},"entryPoint":"createListing"},"getListing":{"availableMemoryMb":null,"timeoutSeconds":null,"minInstances":null,"maxInstances":10,"ingressSettings":null,"concurrency":null,"serviceAccountEmail":null,"vpc":null,"platform":"gcfv2","labels":{},"callableTrigger":{},"entryPoint":"getListing"},"getAllListings":{"availableMemoryMb":null,"timeoutSeconds":null,"minInstances":null,"maxInstances":10,"ingressSettings":null,"concurrency":null,"serviceAccountEmail":null,"vpc":null,"platform":"gcfv2","labels":{},"callableTrigger":{},"entryPoint":"getAllListings"},"getUserListings":{"availableMemoryMb":null,"timeoutSeconds":null,"minInstances":null,"maxInstances":10,"ingressSettings":null,"concurrency":null,"serviceAccountEmail":null,"vpc":null,"platform":"gcfv2","labels":{},"callableTrigger":{},"entryPoint":"getUserListings"},"updateListing":{"availableMemoryMb":null,"timeoutSeconds":null,"minInstances":null,"maxInstances":10,"ingressSettings":null,"concurrency":null,"serviceAccountEmail":null,"vpc":null,"platform":"gcfv2","labels":{},"callableTrigger":{},"entryPoint":"updateListing"},"deleteListing":{"availableMemoryMb":null,"timeoutSeconds":null,"minInstances":null,"maxInstances":10,"ingressSettings":null,"concurrency":null,"serviceAccountEmail":null,"vpc":null,"platform":"gcfv2","labels":{},"callableTrigger":{},"entryPoint":"deleteListing"},"contactSeller":{"availableMemoryMb":null,"timeoutSeconds":null,"minInstances":null,"maxInstances":10,"ingressSettings":null,"concurrency":null,"serviceAccountEmail":null,"vpc":null,"platform":"gcfv2","labels":{},"callableTrigger":{},"entryPoint":"contactSeller"},"featureListing":{"availableMemoryMb":null,"timeoutSeconds":null,"minInstances":null,"maxInstances":10,"ingressSettings":null,"concurrency":null,"serviceAccountEmail":null,"vpc":null,"platform":"gcfv2","labels":{},"callableTrigger":{},"entryPoint":"featureListing"},"getAdminStats":{"availableMemoryMb":null,"timeoutSeconds":null,"minInstances":null,"maxInstances":10,"ingressSettings":null,"concurrency":null,"serviceAccountEmail":null,"vpc":null,"platform":"gcfv2","labels":{},"callableTrigger":{},"entryPoint":"getAdminStats"},"getAllUsers":{"availableMemoryMb":null,"timeoutSeconds":null,"minInstances":null,"maxInstances":10,"ingressSettings":null,"concurrency":null,"serviceAccountEmail":null,"vpc":null,"platform":"gcfv2","labels":{},"callableTrigger":{},"entryPoint":"getAllUsers"},"banUser":{"availableMemoryMb":null,"timeoutSeconds":null,"minInstances":null,"maxInstances":10,"ingressSettings":null,"concurrency":null,"serviceAccountEmail":null,"vpc":null,"platform":"gcfv2","labels":{},"callableTrigger":{},"entryPoint":"banUser"},"deleteAnyItem":{"availableMemoryMb":null,"timeoutSeconds":null,"minInstances":null,"maxInstances":10,"ingressSettings":null,"concurrency":null,"serviceAccountEmail":null,"vpc":null,"platform":"gcfv2","labels":{},"callableTrigger":{},"entryPoint":"deleteAnyItem"},"makeMeAdmin":{"availableMemoryMb":null,"timeoutSeconds":null,"minInstances":null,"maxInstances":10,"ingressSettings":null,"concurrency":null,"serviceAccountEmail":null,"vpc":null,"platform":"gcfv2","labels":{},"callableTrigger":{},"entryPoint":"makeMeAdmin"},"addBookForExchange":{"availableMemoryMb":null,"timeoutSeconds":null,"minInstances":null,"maxInstances":10,"ingressSettings":null,"concurrency":null,"serviceAccountEmail":null,"vpc":null,"platform":"gcfv2","labels":{},"callableTrigger":{},"entryPoint":"addBookForExchange"},"findMatchingBooks":{"availableMemoryMb":null,"timeoutSeconds":null,"minInstances":null,"maxInstances":10,"ingressSettings":null,"concurrency":null,"serviceAccountEmail":null,"vpc":null,"platform":"gcfv2","labels":{},"callableTrigger":{},"entryPoint":"findMatchingBooks"},"initiateExchangeRequest":{"availableMemoryMb":null,"timeoutSeconds":null,"minInstances":null,"maxInstances":10,"ingressSettings":null,"concurrency":null,"serviceAccountEmail":null,"vpc":null,"platform":"gcfv2","labels":{},"callableTrigger":{},"entryPoint":"initiateExchangeRequest"},"manageExchangeStatus":{"availableMemoryMb":null,"timeoutSeconds":null,"minInstances":null,"maxInstances":10,"ingressSettings":null,"concurrency":null,"serviceAccountEmail":null,"vpc":null,"platform":"gcfv2","labels":{},"callableTrigger":{},"entryPoint":"manageExchangeStatus"},"getUserExchangeRequests":{"availableMemoryMb":null,"timeoutSeconds":null,"minInstances":null,"maxInstances":10,"ingressSettings":null,"concurrency":null,"serviceAccountEmail":null,"vpc":null,"platform":"gcfv2","labels":{},"callableTrigger":{},"entryPoint":"getUserExchangeRequests"},"getAllBooks":{"availableMemoryMb":null,"timeoutSeconds":null,"minInstances":null,"maxInstances":10,"ingressSettings":null,"concurrency":null,"serviceAccountEmail":null,"vpc":null,"platform":"gcfv2","labels":{},"callableTrigger":{},"entryPoint":"getAllBooks"},"registerBusiness":{"availableMemoryMb":null,"timeoutSeconds":null,"minInstances":null,"maxInstances":10,"ingressSettings":null,"concurrency":null,"serviceAccountEmail":null,"vpc":null,"platform":"gcfv2","labels":{},"callableTrigger":{},"entryPoint":"registerBusiness"},"getBusinessProfile":{"availableMemoryMb":null,"timeoutSeconds":null,"minInstances":null,"maxInstances":10,"ingressSettings":null,"concurrency":null,"serviceAccountEmail":null,"vpc":null,"platform":"gcfv2","labels":{},"callableTrigger":{},"entryPoint":"getBusinessProfile"},"getAllBusinesses":{"availableMemoryMb":null,"timeoutSeconds":null,"minInstances":null,"maxInstances":10,"ingressSettings":null,"concurrency":null,"serviceAccountEmail":null,"vpc":null,"platform":"gcfv2","labels":{},"callableTrigger":{},"entryPoint":"getAllBusinesses"},"updateBusinessProfile":{"availableMemoryMb":null,"timeoutSeconds":null,"minInstances":null,"maxInstances":10,"ingressSettings":null,"concurrency":null,"serviceAccountEmail":null,"vpc":null,"platform":"gcfv2","labels":{},"callableTrigger":{},"entryPoint":"updateBusinessProfile"},"addReview":{"availableMemoryMb":null,"timeoutSeconds":null,"minInstances":null,"maxInstances":10,"ingressSettings":null,"concurrency":null,"serviceAccountEmail":null,"vpc":null,"platform":"gcfv2","labels":{},"callableTrigger":{},"entryPoint":"addReview"},"getReviews":{"availableMemoryMb":null,"timeoutSeconds":null,"minInstances":null,"maxInstances":10,"ingressSettings":null,"concurrency":null,"serviceAccountEmail":null,"vpc":null,"platform":"gcfv2","labels":{},"callableTrigger":{},"entryPoint":"getReviews"},"verifyBusiness":{"availableMemoryMb":null,"timeoutSeconds":null,"minInstances":null,"maxInstances":10,"ingressSettings":null,"concurrency":null,"serviceAccountEmail":null,"vpc":null,"platform":"gcfv2","labels":{},"callableTrigger":{},"entryPoint":"verifyBusiness"},"submitServiceRequest":{"availableMemoryMb":null,"timeoutSeconds":null,"minInstances":null,"maxInstances":10,"ingressSettings":null,"concurrency":null,"serviceAccountEmail":null,"vpc":null,"platform":"gcfv2","labels":{},"callableTrigger":{},"entryPoint":"submitServiceRequest"},"getRequests":{"availableMemoryMb":null,"timeoutSeconds":null,"minInstances":null,"maxInstances":10,"ingressSettings":null,"concurrency":null,"serviceAccountEmail":null,"vpc":null,"platform":"gcfv2","labels":{},"callableTrigger":{},"entryPoint":"getRequests"},"updateRequestStatus":{"availableMemoryMb":null,"timeoutSeconds":null,"minInstances":null,"maxInstances":10,"ingressSettings":null,"concurrency":null,"serviceAccountEmail":null,"vpc":null,"platform":"gcfv2","labels":{},"callableTrigger":{},"entryPoint":"updateRequestStatus"},"assignRequest":{"availableMemoryMb":null,"timeoutSeconds":null,"minInstances":null,"maxInstances":10,"ingressSettings":null,"concurrency":null,"serviceAccountEmail":null,"vpc":null,"platform":"gcfv2","labels":{},"callableTrigger":{},"entryPoint":"assignRequest"},"promoteRequest":{"availableMemoryMb":null,"timeoutSeconds":null,"minInstances":null,"maxInstances":10,"ingressSettings":null,"concurrency":null,"serviceAccountEmail":null,"vpc":null,"platform":"gcfv2","labels":{},"callableTrigger":{},"entryPoint":"promoteRequest"},"getRequestDetails":{"availableMemoryMb":null,"timeoutSeconds":null,"minInstances":null,"maxInstances":10,"ingressSettings":null,"concurrency":null,"serviceAccountEmail":null,"vpc":null,"platform":"gcfv2","labels":{},"callableTrigger":{},"entryPoint":"getRequestDetails"},"applyToRequest":{"availableMemoryMb":null,"timeoutSeconds":null,"minInstances":null,"maxInstances":10,"ingressSettings":null,"concurrency":null,"serviceAccountEmail":null,"vpc":null,"platform":"gcfv2","labels":{},"callableTrigger":{},"entryPoint":"applyToRequest"}},"specVersion":"v1alpha1","requiredAPIs":[],"extensions":{}}
[info] i  extensions: ensuring required API firebaseextensions.googleapis.com is enabled... 
[debug] [2026-02-08T18:02:05.086Z] > command requires scopes: ["email","openid","https://www.googleapis.com/auth/cloudplatformprojects.readonly","https://www.googleapis.com/auth/firebase","https://www.googleapis.com/auth/cloud-platform"]
[debug] [2026-02-08T18:02:05.086Z] > authorizing via signed-in user (chaitanyachinmaya900@gmail.com)
[debug] [2026-02-08T18:02:05.086Z] [iam] checking project unspace4 for permissions ["firebase.projects.get","firebaseextensions.instances.list"]
[debug] [2026-02-08T18:02:05.087Z] Checked if tokens are valid: true, expires at: 1770577303786
[debug] [2026-02-08T18:02:05.087Z] Checked if tokens are valid: true, expires at: 1770577303786
[debug] [2026-02-08T18:02:05.087Z] >>> [apiv2][query] POST https://cloudresourcemanager.googleapis.com/v1/projects/unspace4:testIamPermissions [none]
[debug] [2026-02-08T18:02:05.087Z] >>> [apiv2][(partial)header] POST https://cloudresourcemanager.googleapis.com/v1/projects/unspace4:testIamPermissions x-goog-quota-user=projects/unspace4
[debug] [2026-02-08T18:02:05.087Z] >>> [apiv2][body] POST https://cloudresourcemanager.googleapis.com/v1/projects/unspace4:testIamPermissions {"permissions":["firebase.projects.get","firebaseextensions.instances.list"]}
[debug] [2026-02-08T18:02:06.767Z] <<< [apiv2][status] POST https://cloudresourcemanager.googleapis.com/v1/projects/unspace4:testIamPermissions 200
[debug] [2026-02-08T18:02:06.767Z] <<< [apiv2][body] POST https://cloudresourcemanager.googleapis.com/v1/projects/unspace4:testIamPermissions {"permissions":["firebase.projects.get","firebaseextensions.instances.list"]}
[debug] [2026-02-08T18:02:06.769Z] Checked if tokens are valid: true, expires at: 1770577303786
[debug] [2026-02-08T18:02:06.769Z] Checked if tokens are valid: true, expires at: 1770577303786
[debug] [2026-02-08T18:02:06.770Z] >>> [apiv2][query] GET https://firebaseextensions.googleapis.com/v1beta/projects/unspace4/instances pageSize=100&pageToken=
[debug] [2026-02-08T18:02:08.650Z] <<< [apiv2][status] GET https://firebaseextensions.googleapis.com/v1beta/projects/unspace4/instances 200
[debug] [2026-02-08T18:02:08.651Z] <<< [apiv2][body] GET https://firebaseextensions.googleapis.com/v1beta/projects/unspace4/instances {}
[info] i  functions: preparing functions directory for uploading... 
[info] i  functions: packaged C:\Users\chait\unspace\functions (101.93 KB) for uploading 
[debug] [2026-02-08T18:02:08.823Z] Checked if tokens are valid: true, expires at: 1770577303786
[debug] [2026-02-08T18:02:08.823Z] Checked if tokens are valid: true, expires at: 1770577303786
[debug] [2026-02-08T18:02:08.824Z] >>> [apiv2][query] GET https://cloudfunctions.googleapis.com/v1/projects/unspace4/locations/-/functions [none]
[debug] [2026-02-08T18:02:10.041Z] <<< [apiv2][status] GET https://cloudfunctions.googleapis.com/v1/projects/unspace4/locations/-/functions 200
[debug] [2026-02-08T18:02:10.041Z] <<< [apiv2][body] GET https://cloudfunctions.googleapis.com/v1/projects/unspace4/locations/-/functions {}
[debug] [2026-02-08T18:02:10.041Z] Checked if tokens are valid: true, expires at: 1770577303786
[debug] [2026-02-08T18:02:10.042Z] Checked if tokens are valid: true, expires at: 1770577303786
[debug] [2026-02-08T18:02:10.042Z] >>> [apiv2][query] GET https://cloudfunctions.googleapis.com/v2/projects/unspace4/locations/-/functions filter=environment%3D%22GEN_2%22
[debug] [2026-02-08T18:02:11.746Z] <<< [apiv2][status] GET https://cloudfunctions.googleapis.com/v2/projects/unspace4/locations/-/functions 200
[debug] [2026-02-08T18:02:11.748Z] <<< [apiv2][body] GET https://cloudfunctions.googleapis.com/v2/projects/unspace4/locations/-/functions {"functions":[{"name":"projects/unspace4/locations/us-central1/functions/registerBusiness","buildConfig":{"build":"projects/403008807373/locations/us-central1/builds/1e9cfbcf-39a5-48aa-9dfd-e8349e5cdb0d","runtime":"nodejs22","entryPoint":"registerBusiness","source":{"storageSource":{"bucket":"gcf-v2-sources-403008807373-us-central1","object":"registerBusiness/function-source.zip","generation":"1769866721089757"}},"environmentVariables":{"GOOGLE_NODE_RUN_SCRIPTS":""},"dockerRepository":"projects/unspace4/locations/us-central1/repositories/gcf-artifacts","sourceProvenance":{"resolvedStorageSource":{"bucket":"gcf-v2-sources-403008807373-us-central1","object":"registerBusiness/function-source.zip","generation":"1769866721089757"}},"dockerRegistry":"ARTIFACT_REGISTRY","serviceAccount":"projects/unspace4/serviceAccounts/403008807373-compute@developer.gserviceaccount.com","automaticUpdatePolicy":{}},"serviceConfig":{"service":"projects/unspace4/locations/us-central1/services/registerbusiness","timeoutSeconds":60,"environmentVariables":{"FIREBASE_CONFIG":"{\"projectId\":\"unspace4\",\"storageBucket\":\"unspace4.firebasestorage.app\"}","GCLOUD_PROJECT":"unspace4","EVENTARC_CLOUD_EVENT_SOURCE":"projects/unspace4/locations/us-central1/services/registerBusiness","FUNCTION_TARGET":"registerBusiness","LOG_EXECUTION_ID":"true","FUNCTION_SIGNATURE_TYPE":"http"},"maxInstanceCount":10,"ingressSettings":"ALLOW_ALL","uri":"https://registerbusiness-2fb6a52fxa-uc.a.run.app","serviceAccountEmail":"403008807373-compute@developer.gserviceaccount.com","availableMemory":"256Mi","allTrafficOnLatestRevision":true,"revision":"registerbusiness-00003-gek","maxInstanceRequestConcurrency":80,"availableCpu":"1"},"state":"ACTIVE","updateTime":"2026-01-31T13:39:41.968129934Z","labels":{"deployment-tool":"cli-firebase","deployment-callable":"true","firebase-functions-hash":"b0cf8de241385d9af78c75801db46cbab2ef653b"},"environment":"GEN_2","url":"https://us-central1-unspace4.cloudfunctions.net/registerBusiness","createTime":"2025-10-15T04:37:00.380261709Z","satisfiesPzi":true},{"name":"projects/unspace4/locations/us-central1/functions/verifyBusiness","buildConfig":{"build":"projects/403008807373/locations/us-central1/builds/eef7447b-ddfa-4e9d-aff1-5c0ed603501d","runtime":"nodejs22","entryPoint":"verifyBusiness","source":{"storageSource":{"bucket":"gcf-v2-sources-403008807373-us-central1","object":"verifyBusiness/function-source.zip","generation":"1769866720681853"}},"environmentVariables":{"GOOGLE_NODE_RUN_SCRIPTS":""},"dockerRepository":"projects/unspace4/locations/us-central1/repositories/gcf-artifacts","sourceProvenance":{"resolvedStorageSource":{"bucket":"gcf-v2-sources-403008807373-us-central1","object":"verifyBusiness/function-source.zip","generation":"1769866720681853"}},"dockerRegistry":"ARTIFACT_REGISTRY","serviceAccount":"projects/unspace4/serviceAccounts/403008807373-compute@developer.gserviceaccount.com","automaticUpdatePolicy":{}},"serviceConfig":{"service":"projects/unspace4/locations/us-central1/services/verifybusiness","timeoutSeconds":60,"environmentVariables":{"FIREBASE_CONFIG":"{\"projectId\":\"unspace4\",\"storageBucket\":\"unspace4.firebasestorage.app\"}","GCLOUD_PROJECT":"unspace4","EVENTARC_CLOUD_EVENT_SOURCE":"projects/unspace4/locations/us-central1/services/verifyBusiness","FUNCTION_TARGET":"verifyBusiness","LOG_EXECUTION_ID":"true","FUNCTION_SIGNATURE_TYPE":"http"},"maxInstanceCount":10,"ingressSettings":"ALLOW_ALL","uri":"https://verifybusiness-2fb6a52fxa-uc.a.run.app","serviceAccountEmail":"403008807373-compute@developer.gserviceaccount.com","availableMemory":"256Mi","allTrafficOnLatestRevision":true,"revision":"verifybusiness-00003-sad","maxInstanceRequestConcurrency":80,"availableCpu":"1"},"state":"ACTIVE","updateTime":"2026-01-31T13:39:42.920356399Z","labels":{"firebase-functions-hash":"b0cf8de241385d9af78c75801db46cbab2ef653b","deployment-tool":"cli-firebase","deployment-callable":"true"},"environment":"GEN_2","url":"https://us-central1-unspace4.cloudfunctions.net/verifyBusiness","createTime":"2025-10-15T04:36:59.454340143Z","satisfiesPzi":true},{"name":"projects/unspace4/locations/us-central1/functions/getRequests","buildConfig":{"build":"projects/403008807373/locations/us-central1/builds/2107a4ae-f799-4948-8ef3-03a8280ce856","runtime":"nodejs22","entryPoint":"getRequests","source":{"storageSource":{"bucket":"gcf-v2-sources-403008807373-us-central1","object":"getRequests/function-source.zip","generation":"1769866721063711"}},"environmentVariables":{"GOOGLE_NODE_RUN_SCRIPTS":""},"dockerRepository":"projects/unspace4/locations/us-central1/repositories/gcf-artifacts","sourceProvenance":{"resolvedStorageSource":{"bucket":"gcf-v2-sources-403008807373-us-central1","object":"getRequests/function-source.zip","generation":"1769866721063711"}},"dockerRegistry":"ARTIFACT_REGISTRY","serviceAccount":"projects/unspace4/serviceAccounts/403008807373-compute@developer.gserviceaccount.com","automaticUpdatePolicy":{}},"serviceConfig":{"service":"projects/unspace4/locations/us-central1/services/getrequests","timeoutSeconds":60,"environmentVariables":{"FIREBASE_CONFIG":"{\"projectId\":\"unspace4\",\"storageBucket\":\"unspace4.firebasestorage.app\"}","GCLOUD_PROJECT":"unspace4","EVENTARC_CLOUD_EVENT_SOURCE":"projects/unspace4/locations/us-central1/services/getRequests","FUNCTION_TARGET":"getRequests","LOG_EXECUTION_ID":"true","FUNCTION_SIGNATURE_TYPE":"http"},"maxInstanceCount":10,"ingressSettings":"ALLOW_ALL","uri":"https://getrequests-2fb6a52fxa-uc.a.run.app","serviceAccountEmail":"403008807373-compute@developer.gserviceaccount.com","availableMemory":"256Mi","allTrafficOnLatestRevision":true,"revision":"getrequests-00003-xip","maxInstanceRequestConcurrency":80,"availableCpu":"1"},"state":"ACTIVE","updateTime":"2026-01-31T13:39:34.160694009Z","labels":{"deployment-tool":"cli-firebase","deployment-callable":"true","firebase-functions-hash":"b0cf8de241385d9af78c75801db46cbab2ef653b"},"environment":"GEN_2","url":"https://us-central1-unspace4.cloudfunctions.net/getRequests","createTime":"2025-10-15T04:37:00.442583873Z","satisfiesPzi":true},{"name":"projects/unspace4/locations/us-central1/functions/addBookForExchange","buildConfig":{"build":"projects/403008807373/locations/us-central1/builds/a0430d1a-7efe-45d9-b434-3002bc23e55b","runtime":"nodejs22","entryPoint":"addBookForExchange","source":{"storageSource":{"bucket":"gcf-v2-sources-403008807373-us-central1","object":"addBookForExchange/function-source.zip","generation":"1769866721099258"}},"environmentVariables":{"GOOGLE_NODE_RUN_SCRIPTS":""},"dockerRepository":"projects/unspace4/locations/us-central1/repositories/gcf-artifacts","sourceProvenance":{"resolvedStorageSource":{"bucket":"gcf-v2-sources-403008807373-us-central1","object":"addBookForExchange/function-source.zip","generation":"1769866721099258"}},"dockerRegistry":"ARTIFACT_REGISTRY","serviceAccount":"projects/unspace4/serviceAccounts/403008807373-compute@developer.gserviceaccount.com","automaticUpdatePolicy":{}},"serviceConfig":{"service":"projects/unspace4/locations/us-central1/services/addbookforexchange","timeoutSeconds":60,"environmentVariables":{"FIREBASE_CONFIG":"{\"projectId\":\"unspace4\",\"storageBucket\":\"unspace4.firebasestorage.app\"}","GCLOUD_PROJECT":"unspace4","EVENTARC_CLOUD_EVENT_SOURCE":"projects/unspace4/locations/us-central1/services/addBookForExchange","FUNCTION_TARGET":"addBookForExchange","LOG_EXECUTION_ID":"true","FUNCTION_SIGNATURE_TYPE":"http"},"maxInstanceCount":10,"ingressSettings":"ALLOW_ALL","uri":"https://addbookforexchange-2fb6a52fxa-uc.a.run.app","serviceAccountEmail":"403008807373-compute@developer.gserviceaccount.com","availableMemory":"256Mi","allTrafficOnLatestRevision":true,"revision":"addbookforexchange-00003-hav","maxInstanceRequestConcurrency":80,"availableCpu":"1"},"state":"ACTIVE","updateTime":"2026-01-31T13:39:37.776521119Z","labels":{"deployment-tool":"cli-firebase","deployment-callable":"true","firebase-functions-hash":"b0cf8de241385d9af78c75801db46cbab2ef653b"},"environment":"GEN_2","url":"https://us-central1-unspace4.cloudfunctions.net/addBookForExchange","createTime":"2025-10-15T04:37:00.394423687Z","satisfiesPzi":true},{"name":"projects/unspace4/locations/us-central1/functions/promoteRequest","buildConfig":{"build":"projects/403008807373/locations/us-central1/builds/357e36e9-7ed3-4d4f-91c1-56f03c3e159d","runtime":"nodejs22","entryPoint":"promoteRequest","source":{"storageSource":{"bucket":"gcf-v2-sources-403008807373-us-central1","object":"promoteRequest/function-source.zip","generation":"1769866721041134"}},"environmentVariables":{"GOOGLE_NODE_RUN_SCRIPTS":""},"dockerRepository":"projects/unspace4/locations/us-central1/repositories/gcf-artifacts","sourceProvenance":{"resolvedStorageSource":{"bucket":"gcf-v2-sources-403008807373-us-central1","object":"promoteRequest/function-source.zip","generation":"1769866721041134"}},"dockerRegistry":"ARTIFACT_REGISTRY","serviceAccount":"projects/unspace4/serviceAccounts/403008807373-compute@developer.gserviceaccount.com","automaticUpdatePolicy":{}},"serviceConfig":{"service":"projects/unspace4/locations/us-central1/services/promoterequest","timeoutSeconds":60,"environmentVariables":{"FIREBASE_CONFIG":"{\"projectId\":\"unspace4\",\"storageBucket\":\"unspace4.firebasestorage.app\"}","GCLOUD_PROJECT":"unspace4","EVENTARC_CLOUD_EVENT_SOURCE":"projects/unspace4/locations/us-central1/services/promoteRequest","FUNCTION_TARGET":"promoteRequest","LOG_EXECUTION_ID":"true","FUNCTION_SIGNATURE_TYPE":"http"},"maxInstanceCount":10,"ingressSettings":"ALLOW_ALL","uri":"https://promoterequest-2fb6a52fxa-uc.a.run.app","serviceAccountEmail":"403008807373-compute@developer.gserviceaccount.com","availableMemory":"256Mi","allTrafficOnLatestRevision":true,"revision":"promoterequest-00003-xis","maxInstanceRequestConcurrency":80,"availableCpu":"1"},"state":"ACTIVE","updateTime":"2026-01-31T13:39:39.321954251Z","labels":{"deployment-tool":"cli-firebase","deployment-callable":"true","firebase-functions-hash":"b0cf8de241385d9af78c75801db46cbab2ef653b"},"environment":"GEN_2","url":"https://us-central1-unspace4.cloudfunctions.net/promoteRequest","createTime":"2025-10-15T04:37:00.348367926Z","satisfiesPzi":true},{"name":"projects/unspace4/locations/us-central1/functions/createListing","buildConfig":{"build":"projects/403008807373/locations/us-central1/builds/4e842092-20f1-4ed1-93c9-3dceffb84b95","runtime":"nodejs22","entryPoint":"createListing","source":{"storageSource":{"bucket":"gcf-v2-sources-403008807373-us-central1","object":"createListing/function-source.zip","generation":"1769866721083691"}},"environmentVariables":{"GOOGLE_NODE_RUN_SCRIPTS":""},"dockerRepository":"projects/unspace4/locations/us-central1/repositories/gcf-artifacts","sourceProvenance":{"resolvedStorageSource":{"bucket":"gcf-v2-sources-403008807373-us-central1","object":"createListing/function-source.zip","generation":"1769866721083691"}},"dockerRegistry":"ARTIFACT_REGISTRY","serviceAccount":"projects/unspace4/serviceAccounts/403008807373-compute@developer.gserviceaccount.com","automaticUpdatePolicy":{}},"serviceConfig":{"service":"projects/unspace4/locations/us-central1/services/createlisting","timeoutSeconds":60,"environmentVariables":{"FIREBASE_CONFIG":"{\"projectId\":\"unspace4\",\"storageBucket\":\"unspace4.firebasestorage.app\"}","GCLOUD_PROJECT":"unspace4","EVENTARC_CLOUD_EVENT_SOURCE":"projects/unspace4/locations/us-central1/services/createListing","FUNCTION_TARGET":"createListing","LOG_EXECUTION_ID":"true","FUNCTION_SIGNATURE_TYPE":"http"},"maxInstanceCount":10,"ingressSettings":"ALLOW_ALL","uri":"https://createlisting-2fb6a52fxa-uc.a.run.app","serviceAccountEmail":"403008807373-compute@developer.gserviceaccount.com","availableMemory":"256Mi","allTrafficOnLatestRevision":true,"revision":"createlisting-00003-ked","maxInstanceRequestConcurrency":80,"availableCpu":"1"},"state":"ACTIVE","updateTime":"2026-01-31T13:39:37.266491590Z","labels":{"deployment-tool":"cli-firebase","deployment-callable":"true","firebase-functions-hash":"b0cf8de241385d9af78c75801db46cbab2ef653b"},"environment":"GEN_2","url":"https://us-central1-unspace4.cloudfunctions.net/createListing","createTime":"2025-10-15T04:37:00.010276202Z","satisfiesPzi":true},{"name":"projects/unspace4/locations/us-central1/functions/getUserExchangeRequests","buildConfig":{"build":"projects/403008807373/locations/us-central1/builds/c341b341-d8b8-463a-8cf6-9081ebf1c5fa","runtime":"nodejs22","entryPoint":"getUserExchangeRequests","source":{"storageSource":{"bucket":"gcf-v2-sources-403008807373-us-central1","object":"getUserExchangeRequests/function-source.zip","generation":"1769866721106318"}},"environmentVariables":{"GOOGLE_NODE_RUN_SCRIPTS":""},"dockerRepository":"projects/unspace4/locations/us-central1/repositories/gcf-artifacts","sourceProvenance":{"resolvedStorageSource":{"bucket":"gcf-v2-sources-403008807373-us-central1","object":"getUserExchangeRequests/function-source.zip","generation":"1769866721106318"}},"dockerRegistry":"ARTIFACT_REGISTRY","serviceAccount":"projects/unspace4/serviceAccounts/403008807373-compute@developer.gserviceaccount.com","automaticUpdatePolicy":{}},"serviceConfig":{"service":"projects/unspace4/locations/us-central1/services/getuserexchangerequests","timeoutSeconds":60,"environmentVariables":{"FIREBASE_CONFIG":"{\"projectId\":\"unspace4\",\"storageBucket\":\"unspace4.firebasestorage.app\"}","GCLOUD_PROJECT":"unspace4","EVENTARC_CLOUD_EVENT_SOURCE":"projects/unspace4/locations/us-central1/services/getUserExchangeRequests","FUNCTION_TARGET":"getUserExchangeRequests","LOG_EXECUTION_ID":"true","FUNCTION_SIGNATURE_TYPE":"http"},"maxInstanceCount":10,"ingressSettings":"ALLOW_ALL","uri":"https://getuserexchangerequests-2fb6a52fxa-uc.a.run.app","serviceAccountEmail":"403008807373-compute@developer.gserviceaccount.com","availableMemory":"256Mi","allTrafficOnLatestRevision":true,"revision":"getuserexchangerequests-00003-zat","maxInstanceRequestConcurrency":80,"availableCpu":"1"},"state":"ACTIVE","updateTime":"2026-01-31T13:39:37.986508710Z","labels":{"deployment-tool":"cli-firebase","deployment-callable":"true","firebase-functions-hash":"b0cf8de241385d9af78c75801db46cbab2ef653b"},"environment":"GEN_2","url":"https://us-central1-unspace4.cloudfunctions.net/getUserExchangeRequests","createTime":"2025-10-15T04:37:00.279124629Z","satisfiesPzi":true},{"name":"projects/unspace4/locations/us-central1/functions/initiateExchangeRequest","buildConfig":{"build":"projects/403008807373/locations/us-central1/builds/ceb54ad2-ea85-4879-bc27-2cc7f5e4a235","runtime":"nodejs22","entryPoint":"initiateExchangeRequest","source":{"storageSource":{"bucket":"gcf-v2-sources-403008807373-us-central1","object":"initiateExchangeRequest/function-source.zip","generation":"1769866721128601"}},"environmentVariables":{"GOOGLE_NODE_RUN_SCRIPTS":""},"dockerRepository":"projects/unspace4/locations/us-central1/repositories/gcf-artifacts","sourceProvenance":{"resolvedStorageSource":{"bucket":"gcf-v2-sources-403008807373-us-central1","object":"initiateExchangeRequest/function-source.zip","generation":"1769866721128601"}},"dockerRegistry":"ARTIFACT_REGISTRY","serviceAccount":"projects/unspace4/serviceAccounts/403008807373-compute@developer.gserviceaccount.com","automaticUpdatePolicy":{}},"serviceConfig":{"service":"projects/unspace4/locations/us-central1/services/initiateexchangerequest","timeoutSeconds":60,"environmentVariables":{"FIREBASE_CONFIG":"{\"projectId\":\"unspace4\",\"storageBucket\":\"unspace4.firebasestorage.app\"}","GCLOUD_PROJECT":"unspace4","EVENTARC_CLOUD_EVENT_SOURCE":"projects/unspace4/locations/us-central1/services/initiateExchangeRequest","FUNCTION_TARGET":"initiateExchangeRequest","LOG_EXECUTION_ID":"true","FUNCTION_SIGNATURE_TYPE":"http"},"maxInstanceCount":10,"ingressSettings":"ALLOW_ALL","uri":"https://initiateexchangerequest-2fb6a52fxa-uc.a.run.app","serviceAccountEmail":"403008807373-compute@developer.gserviceaccount.com","availableMemory":"256Mi","allTrafficOnLatestRevision":true,"revision":"initiateexchangerequest-00003-haq","maxInstanceRequestConcurrency":80,"availableCpu":"1"},"state":"ACTIVE","updateTime":"2026-01-31T13:39:31.564850443Z","labels":{"firebase-functions-hash":"b0cf8de241385d9af78c75801db46cbab2ef653b","deployment-tool":"cli-firebase","deployment-callable":"true"},"environment":"GEN_2","url":"https://us-central1-unspace4.cloudfunctions.net/initiateExchangeRequest","createTime":"2025-10-15T04:37:00.199412211Z","satisfiesPzi":true},{"name":"projects/unspace4/locations/us-central1/functions/getListing","buildConfig":{"build":"projects/403008807373/locations/us-central1/builds/c8fe7af1-cda7-4f17-8bbe-bc66f6e13b21","runtime":"nodejs22","entryPoint":"getListing","source":{"storageSource":{"bucket":"gcf-v2-sources-403008807373-us-central1","object":"getListing/function-source.zip","generation":"1769866721038349"}},"environmentVariables":{"GOOGLE_NODE_RUN_SCRIPTS":""},"dockerRepository":"projects/unspace4/locations/us-central1/repositories/gcf-artifacts","sourceProvenance":{"resolvedStorageSource":{"bucket":"gcf-v2-sources-403008807373-us-central1","object":"getListing/function-source.zip","generation":"1769866721038349"}},"dockerRegistry":"ARTIFACT_REGISTRY","serviceAccount":"projects/unspace4/serviceAccounts/403008807373-compute@developer.gserviceaccount.com","automaticUpdatePolicy":{}},"serviceConfig":{"service":"projects/unspace4/locations/us-central1/services/getlisting","timeoutSeconds":60,"environmentVariables":{"FIREBASE_CONFIG":"{\"projectId\":\"unspace4\",\"storageBucket\":\"unspace4.firebasestorage.app\"}","GCLOUD_PROJECT":"unspace4","EVENTARC_CLOUD_EVENT_SOURCE":"projects/unspace4/locations/us-central1/services/getListing","FUNCTION_TARGET":"getListing","LOG_EXECUTION_ID":"true","FUNCTION_SIGNATURE_TYPE":"http"},"maxInstanceCount":10,"ingressSettings":"ALLOW_ALL","uri":"https://getlisting-2fb6a52fxa-uc.a.run.app","serviceAccountEmail":"403008807373-compute@developer.gserviceaccount.com","availableMemory":"256Mi","allTrafficOnLatestRevision":true,"revision":"getlisting-00003-bih","maxInstanceRequestConcurrency":80,"availableCpu":"1"},"state":"ACTIVE","updateTime":"2026-01-31T13:39:37.475133303Z","labels":{"deployment-tool":"cli-firebase","deployment-callable":"true","firebase-functions-hash":"b0cf8de241385d9af78c75801db46cbab2ef653b"},"environment":"GEN_2","url":"https://us-central1-unspace4.cloudfunctions.net/getListing","createTime":"2025-10-15T04:37:00.241901664Z","satisfiesPzi":true},{"name":"projects/unspace4/locations/us-central1/functions/addReview","buildConfig":{"build":"projects/403008807373/locations/us-central1/builds/9c185511-3021-48fa-b798-ef1c09fa0630","runtime":"nodejs22","entryPoint":"addReview","source":{"storageSource":{"bucket":"gcf-v2-sources-403008807373-us-central1","object":"addReview/function-source.zip","generation":"1769866721091262"}},"environmentVariables":{"GOOGLE_NODE_RUN_SCRIPTS":""},"dockerRepository":"projects/unspace4/locations/us-central1/repositories/gcf-artifacts","sourceProvenance":{"resolvedStorageSource":{"bucket":"gcf-v2-sources-403008807373-us-central1","object":"addReview/function-source.zip","generation":"1769866721091262"}},"dockerRegistry":"ARTIFACT_REGISTRY","serviceAccount":"projects/unspace4/serviceAccounts/403008807373-compute@developer.gserviceaccount.com","automaticUpdatePolicy":{}},"serviceConfig":{"service":"projects/unspace4/locations/us-central1/services/addreview","timeoutSeconds":60,"environmentVariables":{"FIREBASE_CONFIG":"{\"projectId\":\"unspace4\",\"storageBucket\":\"unspace4.firebasestorage.app\"}","GCLOUD_PROJECT":"unspace4","EVENTARC_CLOUD_EVENT_SOURCE":"projects/unspace4/locations/us-central1/services/addReview","FUNCTION_TARGET":"addReview","LOG_EXECUTION_ID":"true","FUNCTION_SIGNATURE_TYPE":"http"},"maxInstanceCount":10,"ingressSettings":"ALLOW_ALL","uri":"https://addreview-2fb6a52fxa-uc.a.run.app","serviceAccountEmail":"403008807373-compute@developer.gserviceaccount.com","availableMemory":"256Mi","allTrafficOnLatestRevision":true,"revision":"addreview-00003-yuj","maxInstanceRequestConcurrency":80,"availableCpu":"1"},"state":"ACTIVE","updateTime":"2026-01-31T13:39:43.103554768Z","labels":{"deployment-tool":"cli-firebase","deployment-callable":"true","firebase-functions-hash":"b0cf8de241385d9af78c75801db46cbab2ef653b"},"environment":"GEN_2","url":"https://us-central1-unspace4.cloudfunctions.net/addReview","createTime":"2025-10-15T04:37:00.449423717Z","satisfiesPzi":true},{"name":"projects/unspace4/locations/us-central1/functions/getRequestDetails","buildConfig":{"build":"projects/403008807373/locations/us-central1/builds/ae4143b1-9975-4829-96b4-6fb27b363595","runtime":"nodejs22","entryPoint":"getRequestDetails","source":{"storageSource":{"bucket":"gcf-v2-sources-403008807373-us-central1","object":"getRequestDetails/function-source.zip","generation":"1769866721083045"}},"environmentVariables":{"GOOGLE_NODE_RUN_SCRIPTS":""},"dockerRepository":"projects/unspace4/locations/us-central1/repositories/gcf-artifacts","sourceProvenance":{"resolvedStorageSource":{"bucket":"gcf-v2-sources-403008807373-us-central1","object":"getRequestDetails/function-source.zip","generation":"1769866721083045"}},"dockerRegistry":"ARTIFACT_REGISTRY","serviceAccount":"projects/unspace4/serviceAccounts/403008807373-compute@developer.gserviceaccount.com","automaticUpdatePolicy":{}},"serviceConfig":{"service":"projects/unspace4/locations/us-central1/services/getrequestdetails","timeoutSeconds":60,"environmentVariables":{"FIREBASE_CONFIG":"{\"projectId\":\"unspace4\",\"storageBucket\":\"unspace4.firebasestorage.app\"}","GCLOUD_PROJECT":"unspace4","EVENTARC_CLOUD_EVENT_SOURCE":"projects/unspace4/locations/us-central1/services/getRequestDetails","FUNCTION_TARGET":"getRequestDetails","LOG_EXECUTION_ID":"true","FUNCTION_SIGNATURE_TYPE":"http"},"maxInstanceCount":10,"ingressSettings":"ALLOW_ALL","uri":"https://getrequestdetails-2fb6a52fxa-uc.a.run.app","serviceAccountEmail":"403008807373-compute@developer.gserviceaccount.com","availableMemory":"256Mi","allTrafficOnLatestRevision":true,"revision":"getrequestdetails-00003-yih","maxInstanceRequestConcurrency":80,"availableCpu":"1"},"state":"ACTIVE","updateTime":"2026-01-31T13:39:41.998632058Z","labels":{"deployment-callable":"true","firebase-functions-hash":"b0cf8de241385d9af78c75801db46cbab2ef653b","deployment-tool":"cli-firebase"},"environment":"GEN_2","url":"https://us-central1-unspace4.cloudfunctions.net/getRequestDetails","createTime":"2025-10-15T04:37:00.381979558Z","satisfiesPzi":true},{"name":"projects/unspace4/locations/us-central1/functions/deleteListing","buildConfig":{"build":"projects/403008807373/locations/us-central1/builds/1655cc4c-422a-4801-8af6-cb3439b12962","runtime":"nodejs22","entryPoint":"deleteListing","source":{"storageSource":{"bucket":"gcf-v2-sources-403008807373-us-central1","object":"deleteListing/function-source.zip","generation":"1769866721077273"}},"environmentVariables":{"GOOGLE_NODE_RUN_SCRIPTS":""},"dockerRepository":"projects/unspace4/locations/us-central1/repositories/gcf-artifacts","sourceProvenance":{"resolvedStorageSource":{"bucket":"gcf-v2-sources-403008807373-us-central1","object":"deleteListing/function-source.zip","generation":"1769866721077273"}},"dockerRegistry":"ARTIFACT_REGISTRY","serviceAccount":"projects/unspace4/serviceAccounts/403008807373-compute@developer.gserviceaccount.com","automaticUpdatePolicy":{}},"serviceConfig":{"service":"projects/unspace4/locations/us-central1/services/deletelisting","timeoutSeconds":60,"environmentVariables":{"FIREBASE_CONFIG":"{\"projectId\":\"unspace4\",\"storageBucket\":\"unspace4.firebasestorage.app\"}","GCLOUD_PROJECT":"unspace4","EVENTARC_CLOUD_EVENT_SOURCE":"projects/unspace4/locations/us-central1/services/deleteListing","FUNCTION_TARGET":"deleteListing","LOG_EXECUTION_ID":"true","FUNCTION_SIGNATURE_TYPE":"http"},"maxInstanceCount":10,"ingressSettings":"ALLOW_ALL","uri":"https://deletelisting-2fb6a52fxa-uc.a.run.app","serviceAccountEmail":"403008807373-compute@developer.gserviceaccount.com","availableMemory":"256Mi","allTrafficOnLatestRevision":true,"revision":"deletelisting-00003-wad","maxInstanceRequestConcurrency":80,"availableCpu":"1"},"state":"ACTIVE","updateTime":"2026-01-31T13:39:31.008021319Z","labels":{"deployment-tool":"cli-firebase","deployment-callable":"true","firebase-functions-hash":"b0cf8de241385d9af78c75801db46cbab2ef653b"},"environment":"GEN_2","url":"https://us-central1-unspace4.cloudfunctions.net/deleteListing","createTime":"2025-10-15T04:37:00.267393421Z","satisfiesPzi":true},{"name":"projects/unspace4/locations/us-central1/functions/getAllBusinesses","buildConfig":{"build":"projects/403008807373/locations/us-central1/builds/e396a042-ff29-49a8-9538-951aea431958","runtime":"nodejs22","entryPoint":"getAllBusinesses","source":{"storageSource":{"bucket":"gcf-v2-sources-403008807373-us-central1","object":"getAllBusinesses/function-source.zip","generation":"1769866721087290"}},"environmentVariables":{"GOOGLE_NODE_RUN_SCRIPTS":""},"dockerRepository":"projects/unspace4/locations/us-central1/repositories/gcf-artifacts","sourceProvenance":{"resolvedStorageSource":{"bucket":"gcf-v2-sources-403008807373-us-central1","object":"getAllBusinesses/function-source.zip","generation":"1769866721087290"}},"dockerRegistry":"ARTIFACT_REGISTRY","serviceAccount":"projects/unspace4/serviceAccounts/403008807373-compute@developer.gserviceaccount.com","automaticUpdatePolicy":{}},"serviceConfig":{"service":"projects/unspace4/locations/us-central1/services/getallbusinesses","timeoutSeconds":60,"environmentVariables":{"FIREBASE_CONFIG":"{\"projectId\":\"unspace4\",\"storageBucket\":\"unspace4.firebasestorage.app\"}","GCLOUD_PROJECT":"unspace4","EVENTARC_CLOUD_EVENT_SOURCE":"projects/unspace4/locations/us-central1/services/getAllBusinesses","FUNCTION_TARGET":"getAllBusinesses","LOG_EXECUTION_ID":"true","FUNCTION_SIGNATURE_TYPE":"http"},"maxInstanceCount":10,"ingressSettings":"ALLOW_ALL","uri":"https://getallbusinesses-2fb6a52fxa-uc.a.run.app","serviceAccountEmail":"403008807373-compute@developer.gserviceaccount.com","availableMemory":"256Mi","allTrafficOnLatestRevision":true,"revision":"getallbusinesses-00003-cuz","maxInstanceRequestConcurrency":80,"availableCpu":"1"},"state":"ACTIVE","updateTime":"2026-01-31T13:39:43.085757130Z","labels":{"deployment-tool":"cli-firebase","deployment-callable":"true","firebase-functions-hash":"b0cf8de241385d9af78c75801db46cbab2ef653b"},"environment":"GEN_2","url":"https://us-central1-unspace4.cloudfunctions.net/getAllBusinesses","createTime":"2025-10-15T04:37:00.374436794Z","satisfiesPzi":true},{"name":"projects/unspace4/locations/us-central1/functions/updateListing","buildConfig":{"build":"projects/403008807373/locations/us-central1/builds/60d1c98a-7397-419b-8ec9-40ff0a18906a","runtime":"nodejs22","entryPoint":"updateListing","source":{"storageSource":{"bucket":"gcf-v2-sources-403008807373-us-central1","object":"updateListing/function-source.zip","generation":"1769866721228449"}},"environmentVariables":{"GOOGLE_NODE_RUN_SCRIPTS":""},"dockerRepository":"projects/unspace4/locations/us-central1/repositories/gcf-artifacts","sourceProvenance":{"resolvedStorageSource":{"bucket":"gcf-v2-sources-403008807373-us-central1","object":"updateListing/function-source.zip","generation":"1769866721228449"}},"dockerRegistry":"ARTIFACT_REGISTRY","serviceAccount":"projects/unspace4/serviceAccounts/403008807373-compute@developer.gserviceaccount.com","automaticUpdatePolicy":{}},"serviceConfig":{"service":"projects/unspace4/locations/us-central1/services/updatelisting","timeoutSeconds":60,"environmentVariables":{"FIREBASE_CONFIG":"{\"projectId\":\"unspace4\",\"storageBucket\":\"unspace4.firebasestorage.app\"}","GCLOUD_PROJECT":"unspace4","EVENTARC_CLOUD_EVENT_SOURCE":"projects/unspace4/locations/us-central1/services/updateListing","FUNCTION_TARGET":"updateListing","LOG_EXECUTION_ID":"true","FUNCTION_SIGNATURE_TYPE":"http"},"maxInstanceCount":10,"ingressSettings":"ALLOW_ALL","uri":"https://updatelisting-2fb6a52fxa-uc.a.run.app","serviceAccountEmail":"403008807373-compute@developer.gserviceaccount.com","availableMemory":"256Mi","allTrafficOnLatestRevision":true,"revision":"updatelisting-00003-wes","maxInstanceRequestConcurrency":80,"availableCpu":"1"},"state":"ACTIVE","updateTime":"2026-01-31T13:39:37.811642686Z","labels":{"deployment-callable":"true","firebase-functions-hash":"b0cf8de241385d9af78c75801db46cbab2ef653b","deployment-tool":"cli-firebase"},"environment":"GEN_2","url":"https://us-central1-unspace4.cloudfunctions.net/updateListing","createTime":"2025-10-15T04:37:00.293332780Z","satisfiesPzi":true},{"name":"projects/unspace4/locations/us-central1/functions/contactSeller","buildConfig":{"build":"projects/403008807373/locations/us-central1/builds/c09aa291-628c-4098-ae6d-4e2ba7cf22b9","runtime":"nodejs22","entryPoint":"contactSeller","source":{"storageSource":{"bucket":"gcf-v2-sources-403008807373-us-central1","object":"contactSeller/function-source.zip","generation":"1769866721078533"}},"environmentVariables":{"GOOGLE_NODE_RUN_SCRIPTS":""},"dockerRepository":"projects/unspace4/locations/us-central1/repositories/gcf-artifacts","sourceProvenance":{"resolvedStorageSource":{"bucket":"gcf-v2-sources-403008807373-us-central1","object":"contactSeller/function-source.zip","generation":"1769866721078533"}},"dockerRegistry":"ARTIFACT_REGISTRY","serviceAccount":"projects/unspace4/serviceAccounts/403008807373-compute@developer.gserviceaccount.com","automaticUpdatePolicy":{}},"serviceConfig":{"service":"projects/unspace4/locations/us-central1/services/contactseller","timeoutSeconds":60,"environmentVariables":{"FIREBASE_CONFIG":"{\"projectId\":\"unspace4\",\"storageBucket\":\"unspace4.firebasestorage.app\"}","GCLOUD_PROJECT":"unspace4","EVENTARC_CLOUD_EVENT_SOURCE":"projects/unspace4/locations/us-central1/services/contactSeller","FUNCTION_TARGET":"contactSeller","LOG_EXECUTION_ID":"true","FUNCTION_SIGNATURE_TYPE":"http"},"maxInstanceCount":10,"ingressSettings":"ALLOW_ALL","uri":"https://contactseller-2fb6a52fxa-uc.a.run.app","serviceAccountEmail":"403008807373-compute@developer.gserviceaccount.com","availableMemory":"256Mi","allTrafficOnLatestRevision":true,"revision":"contactseller-00005-mir","maxInstanceRequestConcurrency":80,"availableCpu":"1"},"state":"ACTIVE","updateTime":"2026-01-31T13:39:26.080749074Z","labels":{"deployment-callable":"true","firebase-functions-hash":"b0cf8de241385d9af78c75801db46cbab2ef653b","deployment-tool":"cli-firebase"},"environment":"GEN_2","url":"https://us-central1-unspace4.cloudfunctions.net/contactSeller","createTime":"2025-10-14T20:55:02.230301375Z","satisfiesPzi":true},{"name":"projects/unspace4/locations/us-central1/functions/banUser","buildConfig":{"build":"projects/403008807373/locations/us-central1/builds/620aa83f-644d-4251-9ac0-17e789e21928","runtime":"nodejs22","entryPoint":"banUser","source":{"storageSource":{"bucket":"gcf-v2-sources-403008807373-us-central1","object":"banUser/function-source.zip","generation":"1769866721033533"}},"environmentVariables":{"GOOGLE_NODE_RUN_SCRIPTS":""},"dockerRepository":"projects/unspace4/locations/us-central1/repositories/gcf-artifacts","sourceProvenance":{"resolvedStorageSource":{"bucket":"gcf-v2-sources-403008807373-us-central1","object":"banUser/function-source.zip","generation":"1769866721033533"}},"dockerRegistry":"ARTIFACT_REGISTRY","serviceAccount":"projects/unspace4/serviceAccounts/403008807373-compute@developer.gserviceaccount.com","automaticUpdatePolicy":{}},"serviceConfig":{"service":"projects/unspace4/locations/us-central1/services/banuser","timeoutSeconds":60,"environmentVariables":{"FIREBASE_CONFIG":"{\"projectId\":\"unspace4\",\"storageBucket\":\"unspace4.firebasestorage.app\"}","GCLOUD_PROJECT":"unspace4","EVENTARC_CLOUD_EVENT_SOURCE":"projects/unspace4/locations/us-central1/services/banUser","FUNCTION_TARGET":"banUser","LOG_EXECUTION_ID":"true"},"maxInstanceCount":10,"ingressSettings":"ALLOW_ALL","uri":"https://banuser-2fb6a52fxa-uc.a.run.app","serviceAccountEmail":"403008807373-compute@developer.gserviceaccount.com","availableMemory":"256Mi","allTrafficOnLatestRevision":true,"revision":"banuser-00002-duz","maxInstanceRequestConcurrency":80,"availableCpu":"1"},"state":"ACTIVE","updateTime":"2026-01-31T13:39:30.024816877Z","labels":{"deployment-tool":"cli-firebase","deployment-callable":"true","firebase-functions-hash":"b0cf8de241385d9af78c75801db46cbab2ef653b"},"environment":"GEN_2","url":"https://us-central1-unspace4.cloudfunctions.net/banUser","createTime":"2026-01-31T13:15:32.324478693Z","satisfiesPzi":true},{"name":"projects/unspace4/locations/us-central1/functions/assignRequest","buildConfig":{"build":"projects/403008807373/locations/us-central1/builds/a801b941-3320-41d5-a8fe-40f4fa13775b","runtime":"nodejs22","entryPoint":"assignRequest","source":{"storageSource":{"bucket":"gcf-v2-sources-403008807373-us-central1","object":"assignRequest/function-source.zip","generation":"1769866721054833"}},"environmentVariables":{"GOOGLE_NODE_RUN_SCRIPTS":""},"dockerRepository":"projects/unspace4/locations/us-central1/repositories/gcf-artifacts","sourceProvenance":{"resolvedStorageSource":{"bucket":"gcf-v2-sources-403008807373-us-central1","object":"assignRequest/function-source.zip","generation":"1769866721054833"}},"dockerRegistry":"ARTIFACT_REGISTRY","serviceAccount":"projects/unspace4/serviceAccounts/403008807373-compute@developer.gserviceaccount.com","automaticUpdatePolicy":{}},"serviceConfig":{"service":"projects/unspace4/locations/us-central1/services/assignrequest","timeoutSeconds":60,"environmentVariables":{"FIREBASE_CONFIG":"{\"projectId\":\"unspace4\",\"storageBucket\":\"unspace4.firebasestorage.app\"}","GCLOUD_PROJECT":"unspace4","EVENTARC_CLOUD_EVENT_SOURCE":"projects/unspace4/locations/us-central1/services/assignRequest","FUNCTION_TARGET":"assignRequest","LOG_EXECUTION_ID":"true","FUNCTION_SIGNATURE_TYPE":"http"},"maxInstanceCount":10,"ingressSettings":"ALLOW_ALL","uri":"https://assignrequest-2fb6a52fxa-uc.a.run.app","serviceAccountEmail":"403008807373-compute@developer.gserviceaccount.com","availableMemory":"256Mi","allTrafficOnLatestRevision":true,"revision":"assignrequest-00003-cen","maxInstanceRequestConcurrency":80,"availableCpu":"1"},"state":"ACTIVE","updateTime":"2026-01-31T13:39:37.689293568Z","labels":{"deployment-callable":"true","firebase-functions-hash":"b0cf8de241385d9af78c75801db46cbab2ef653b","deployment-tool":"cli-firebase"},"environment":"GEN_2","url":"https://us-central1-unspace4.cloudfunctions.net/assignRequest","createTime":"2025-10-15T04:37:00.397712632Z","satisfiesPzi":true},{"name":"projects/unspace4/locations/us-central1/functions/makeMeAdmin","buildConfig":{"build":"projects/403008807373/locations/us-central1/builds/24d950b7-005c-4ac7-827c-8d181d514d6a","runtime":"nodejs22","entryPoint":"makeMeAdmin","source":{"storageSource":{"bucket":"gcf-v2-sources-403008807373-us-central1","object":"makeMeAdmin/function-source.zip","generation":"1769866721060412"}},"environmentVariables":{"GOOGLE_NODE_RUN_SCRIPTS":""},"dockerRepository":"projects/unspace4/locations/us-central1/repositories/gcf-artifacts","sourceProvenance":{"resolvedStorageSource":{"bucket":"gcf-v2-sources-403008807373-us-central1","object":"makeMeAdmin/function-source.zip","generation":"1769866721060412"}},"dockerRegistry":"ARTIFACT_REGISTRY","serviceAccount":"projects/unspace4/serviceAccounts/403008807373-compute@developer.gserviceaccount.com","automaticUpdatePolicy":{}},"serviceConfig":{"service":"projects/unspace4/locations/us-central1/services/makemeadmin","timeoutSeconds":60,"environmentVariables":{"FIREBASE_CONFIG":"{\"projectId\":\"unspace4\",\"storageBucket\":\"unspace4.firebasestorage.app\"}","GCLOUD_PROJECT":"unspace4","EVENTARC_CLOUD_EVENT_SOURCE":"projects/unspace4/locations/us-central1/services/makeMeAdmin","FUNCTION_TARGET":"makeMeAdmin","LOG_EXECUTION_ID":"true"},"maxInstanceCount":10,"ingressSettings":"ALLOW_ALL","uri":"https://makemeadmin-2fb6a52fxa-uc.a.run.app","serviceAccountEmail":"403008807373-compute@developer.gserviceaccount.com","availableMemory":"256Mi","allTrafficOnLatestRevision":true,"revision":"makemeadmin-00002-mil","maxInstanceRequestConcurrency":80,"availableCpu":"1"},"state":"ACTIVE","updateTime":"2026-01-31T13:39:32.853537451Z","labels":{"deployment-tool":"cli-firebase","deployment-callable":"true","firebase-functions-hash":"b0cf8de241385d9af78c75801db46cbab2ef653b"},"environment":"GEN_2","url":"https://us-central1-unspace4.cloudfunctions.net/makeMeAdmin","createTime":"2026-01-31T13:15:32.328898442Z","satisfiesPzi":true},{"name":"projects/unspace4/locations/us-central1/functions/deleteAnyItem","buildConfig":{"build":"projects/403008807373/locations/us-central1/builds/fac0a20a-fb3c-493d-94bd-38b5fda7754a","runtime":"nodejs22","entryPoint":"deleteAnyItem","source":{"storageSource":{"bucket":"gcf-v2-sources-403008807373-us-central1","object":"deleteAnyItem/function-source.zip","generation":"1769866720955150"}},"environmentVariables":{"GOOGLE_NODE_RUN_SCRIPTS":""},"dockerRepository":"projects/unspace4/locations/us-central1/repositories/gcf-artifacts","sourceProvenance":{"resolvedStorageSource":{"bucket":"gcf-v2-sources-403008807373-us-central1","object":"deleteAnyItem/function-source.zip","generation":"1769866720955150"}},"dockerRegistry":"ARTIFACT_REGISTRY","serviceAccount":"projects/unspace4/serviceAccounts/403008807373-compute@developer.gserviceaccount.com","automaticUpdatePolicy":{}},"serviceConfig":{"service":"projects/unspace4/locations/us-central1/services/deleteanyitem","timeoutSeconds":60,"environmentVariables":{"FIREBASE_CONFIG":"{\"projectId\":\"unspace4\",\"storageBucket\":\"unspace4.firebasestorage.app\"}","GCLOUD_PROJECT":"unspace4","EVENTARC_CLOUD_EVENT_SOURCE":"projects/unspace4/locations/us-central1/services/deleteAnyItem","FUNCTION_TARGET":"deleteAnyItem","LOG_EXECUTION_ID":"true"},"maxInstanceCount":10,"ingressSettings":"ALLOW_ALL","uri":"https://deleteanyitem-2fb6a52fxa-uc.a.run.app","serviceAccountEmail":"403008807373-compute@developer.gserviceaccount.com","availableMemory":"256Mi","allTrafficOnLatestRevision":true,"revision":"deleteanyitem-00002-hud","maxInstanceRequestConcurrency":80,"availableCpu":"1"},"state":"ACTIVE","updateTime":"2026-01-31T13:39:32.847782195Z","labels":{"deployment-tool":"cli-firebase","deployment-callable":"true","firebase-functions-hash":"b0cf8de241385d9af78c75801db46cbab2ef653b"},"environment":"GEN_2","url":"https://us-central1-unspace4.cloudfunctions.net/deleteAnyItem","createTime":"2026-01-31T13:15:32.315905122Z","satisfiesPzi":true},{"name":"projects/unspace4/locations/us-central1/functions/manageExchangeStatus","buildConfig":{"build":"projects/403008807373/locations/us-central1/builds/977cf79c-f690-4df0-818f-b55b1c19b625","runtime":"nodejs22","entryPoint":"manageExchangeStatus","source":{"storageSource":{"bucket":"gcf-v2-sources-403008807373-us-central1","object":"manageExchangeStatus/function-source.zip","generation":"1769866721053557"}},"environmentVariables":{"GOOGLE_NODE_RUN_SCRIPTS":""},"dockerRepository":"projects/unspace4/locations/us-central1/repositories/gcf-artifacts","sourceProvenance":{"resolvedStorageSource":{"bucket":"gcf-v2-sources-403008807373-us-central1","object":"manageExchangeStatus/function-source.zip","generation":"1769866721053557"}},"dockerRegistry":"ARTIFACT_REGISTRY","serviceAccount":"projects/unspace4/serviceAccounts/403008807373-compute@developer.gserviceaccount.com","automaticUpdatePolicy":{}},"serviceConfig":{"service":"projects/unspace4/locations/us-central1/services/manageexchangestatus","timeoutSeconds":60,"environmentVariables":{"FIREBASE_CONFIG":"{\"projectId\":\"unspace4\",\"storageBucket\":\"unspace4.firebasestorage.app\"}","GCLOUD_PROJECT":"unspace4","EVENTARC_CLOUD_EVENT_SOURCE":"projects/unspace4/locations/us-central1/services/manageExchangeStatus","FUNCTION_TARGET":"manageExchangeStatus","LOG_EXECUTION_ID":"true","FUNCTION_SIGNATURE_TYPE":"http"},"maxInstanceCount":10,"ingressSettings":"ALLOW_ALL","uri":"https://manageexchangestatus-2fb6a52fxa-uc.a.run.app","serviceAccountEmail":"403008807373-compute@developer.gserviceaccount.com","availableMemory":"256Mi","allTrafficOnLatestRevision":true,"revision":"manageexchangestatus-00003-tih","maxInstanceRequestConcurrency":80,"availableCpu":"1"},"state":"ACTIVE","updateTime":"2026-01-31T13:39:40.571557742Z","labels":{"deployment-tool":"cli-firebase","deployment-callable":"true","firebase-functions-hash":"b0cf8de241385d9af78c75801db46cbab2ef653b"},"environment":"GEN_2","url":"https://us-central1-unspace4.cloudfunctions.net/manageExchangeStatus","createTime":"2025-10-15T04:37:00.222975803Z","satisfiesPzi":true},{"name":"projects/unspace4/locations/us-central1/functions/updateRequestStatus","buildConfig":{"build":"projects/403008807373/locations/us-central1/builds/a97d940c-2da1-41f5-83b2-bc9603427390","runtime":"nodejs22","entryPoint":"updateRequestStatus","source":{"storageSource":{"bucket":"gcf-v2-sources-403008807373-us-central1","object":"updateRequestStatus/function-source.zip","generation":"1769866721143183"}},"environmentVariables":{"GOOGLE_NODE_RUN_SCRIPTS":""},"dockerRepository":"projects/unspace4/locations/us-central1/repositories/gcf-artifacts","sourceProvenance":{"resolvedStorageSource":{"bucket":"gcf-v2-sources-403008807373-us-central1","object":"updateRequestStatus/function-source.zip","generation":"1769866721143183"}},"dockerRegistry":"ARTIFACT_REGISTRY","serviceAccount":"projects/unspace4/serviceAccounts/403008807373-compute@developer.gserviceaccount.com","automaticUpdatePolicy":{}},"serviceConfig":{"service":"projects/unspace4/locations/us-central1/services/updaterequeststatus","timeoutSeconds":60,"environmentVariables":{"FIREBASE_CONFIG":"{\"projectId\":\"unspace4\",\"storageBucket\":\"unspace4.firebasestorage.app\"}","GCLOUD_PROJECT":"unspace4","EVENTARC_CLOUD_EVENT_SOURCE":"projects/unspace4/locations/us-central1/services/updateRequestStatus","FUNCTION_TARGET":"updateRequestStatus","LOG_EXECUTION_ID":"true","FUNCTION_SIGNATURE_TYPE":"http"},"maxInstanceCount":10,"ingressSettings":"ALLOW_ALL","uri":"https://updaterequeststatus-2fb6a52fxa-uc.a.run.app","serviceAccountEmail":"403008807373-compute@developer.gserviceaccount.com","availableMemory":"256Mi","allTrafficOnLatestRevision":true,"revision":"updaterequeststatus-00003-rux","maxInstanceRequestConcurrency":80,"availableCpu":"1"},"state":"ACTIVE","updateTime":"2026-01-31T13:39:38.116467174Z","labels":{"deployment-tool":"cli-firebase","deployment-callable":"true","firebase-functions-hash":"b0cf8de241385d9af78c75801db46cbab2ef653b"},"environment":"GEN_2","url":"https://us-central1-unspace4.cloudfunctions.net/updateRequestStatus","createTime":"2025-10-15T04:37:00.366450801Z","satisfiesPzi":true},{"name":"projects/unspace4/locations/us-central1/functions/getAllUsers","buildConfig":{"build":"projects/403008807373/locations/us-central1/builds/7d305b9c-93da-4055-a772-3a649a657b20","runtime":"nodejs22","entryPoint":"getAllUsers","source":{"storageSource":{"bucket":"gcf-v2-sources-403008807373-us-central1","object":"getAllUsers/function-source.zip","generation":"1769866720997931"}},"environmentVariables":{"GOOGLE_NODE_RUN_SCRIPTS":""},"dockerRepository":"projects/unspace4/locations/us-central1/repositories/gcf-artifacts","sourceProvenance":{"resolvedStorageSource":{"bucket":"gcf-v2-sources-403008807373-us-central1","object":"getAllUsers/function-source.zip","generation":"1769866720997931"}},"dockerRegistry":"ARTIFACT_REGISTRY","serviceAccount":"projects/unspace4/serviceAccounts/403008807373-compute@developer.gserviceaccount.com","automaticUpdatePolicy":{}},"serviceConfig":{"service":"projects/unspace4/locations/us-central1/services/getallusers","timeoutSeconds":60,"environmentVariables":{"FIREBASE_CONFIG":"{\"projectId\":\"unspace4\",\"storageBucket\":\"unspace4.firebasestorage.app\"}","GCLOUD_PROJECT":"unspace4","EVENTARC_CLOUD_EVENT_SOURCE":"projects/unspace4/locations/us-central1/services/getAllUsers","FUNCTION_TARGET":"getAllUsers","LOG_EXECUTION_ID":"true"},"maxInstanceCount":10,"ingressSettings":"ALLOW_ALL","uri":"https://getallusers-2fb6a52fxa-uc.a.run.app","serviceAccountEmail":"403008807373-compute@developer.gserviceaccount.com","availableMemory":"256Mi","allTrafficOnLatestRevision":true,"revision":"getallusers-00002-tof","maxInstanceRequestConcurrency":80,"availableCpu":"1"},"state":"ACTIVE","updateTime":"2026-01-31T13:39:37.693973017Z","labels":{"firebase-functions-hash":"b0cf8de241385d9af78c75801db46cbab2ef653b","deployment-tool":"cli-firebase","deployment-callable":"true"},"environment":"GEN_2","url":"https://us-central1-unspace4.cloudfunctions.net/getAllUsers","createTime":"2026-01-31T13:15:32.327179256Z","satisfiesPzi":true},{"name":"projects/unspace4/locations/us-central1/functions/featureListing","buildConfig":{"build":"projects/403008807373/locations/us-central1/builds/e1158fc1-5b10-4a0e-a8d7-b372a2b3bda4","runtime":"nodejs22","entryPoint":"featureListing","source":{"storageSource":{"bucket":"gcf-v2-sources-403008807373-us-central1","object":"featureListing/function-source.zip","generation":"1769866721061902"}},"environmentVariables":{"GOOGLE_NODE_RUN_SCRIPTS":""},"dockerRepository":"projects/unspace4/locations/us-central1/repositories/gcf-artifacts","sourceProvenance":{"resolvedStorageSource":{"bucket":"gcf-v2-sources-403008807373-us-central1","object":"featureListing/function-source.zip","generation":"1769866721061902"}},"dockerRegistry":"ARTIFACT_REGISTRY","serviceAccount":"projects/unspace4/serviceAccounts/403008807373-compute@developer.gserviceaccount.com","automaticUpdatePolicy":{}},"serviceConfig":{"service":"projects/unspace4/locations/us-central1/services/featurelisting","timeoutSeconds":60,"environmentVariables":{"FIREBASE_CONFIG":"{\"projectId\":\"unspace4\",\"storageBucket\":\"unspace4.firebasestorage.app\"}","GCLOUD_PROJECT":"unspace4","EVENTARC_CLOUD_EVENT_SOURCE":"projects/unspace4/locations/us-central1/services/featureListing","FUNCTION_TARGET":"featureListing","LOG_EXECUTION_ID":"true","FUNCTION_SIGNATURE_TYPE":"http"},"maxInstanceCount":10,"ingressSettings":"ALLOW_ALL","uri":"https://featurelisting-2fb6a52fxa-uc.a.run.app","serviceAccountEmail":"403008807373-compute@developer.gserviceaccount.com","availableMemory":"256Mi","allTrafficOnLatestRevision":true,"revision":"featurelisting-00003-mop","maxInstanceRequestConcurrency":80,"availableCpu":"1"},"state":"ACTIVE","updateTime":"2026-01-31T13:39:37.139631062Z","labels":{"firebase-functions-hash":"b0cf8de241385d9af78c75801db46cbab2ef653b","deployment-tool":"cli-firebase","deployment-callable":"true"},"environment":"GEN_2","url":"https://us-central1-unspace4.cloudfunctions.net/featureListing","createTime":"2025-10-15T04:37:00.373528399Z","satisfiesPzi":true},{"name":"projects/unspace4/locations/us-central1/functions/updateBusinessProfile","buildConfig":{"build":"projects/403008807373/locations/us-central1/builds/759a8ada-076e-439f-b4e5-7738f296a88b","runtime":"nodejs22","entryPoint":"updateBusinessProfile","source":{"storageSource":{"bucket":"gcf-v2-sources-403008807373-us-central1","object":"updateBusinessProfile/function-source.zip","generation":"1769866721118496"}},"environmentVariables":{"GOOGLE_NODE_RUN_SCRIPTS":""},"dockerRepository":"projects/unspace4/locations/us-central1/repositories/gcf-artifacts","sourceProvenance":{"resolvedStorageSource":{"bucket":"gcf-v2-sources-403008807373-us-central1","object":"updateBusinessProfile/function-source.zip","generation":"1769866721118496"}},"dockerRegistry":"ARTIFACT_REGISTRY","serviceAccount":"projects/unspace4/serviceAccounts/403008807373-compute@developer.gserviceaccount.com","automaticUpdatePolicy":{}},"serviceConfig":{"service":"projects/unspace4/locations/us-central1/services/updatebusinessprofile","timeoutSeconds":60,"environmentVariables":{"FIREBASE_CONFIG":"{\"projectId\":\"unspace4\",\"storageBucket\":\"unspace4.firebasestorage.app\"}","GCLOUD_PROJECT":"unspace4","EVENTARC_CLOUD_EVENT_SOURCE":"projects/unspace4/locations/us-central1/services/updateBusinessProfile","FUNCTION_TARGET":"updateBusinessProfile","LOG_EXECUTION_ID":"true","FUNCTION_SIGNATURE_TYPE":"http"},"maxInstanceCount":10,"ingressSettings":"ALLOW_ALL","uri":"https://updatebusinessprofile-2fb6a52fxa-uc.a.run.app","serviceAccountEmail":"403008807373-compute@developer.gserviceaccount.com","availableMemory":"256Mi","allTrafficOnLatestRevision":true,"revision":"updatebusinessprofile-00003-feg","maxInstanceRequestConcurrency":80,"availableCpu":"1"},"state":"ACTIVE","updateTime":"2026-01-31T13:39:43.614758471Z","labels":{"firebase-functions-hash":"b0cf8de241385d9af78c75801db46cbab2ef653b","deployment-tool":"cli-firebase","deployment-callable":"true"},"environment":"GEN_2","url":"https://us-central1-unspace4.cloudfunctions.net/updateBusinessProfile","createTime":"2025-10-15T04:37:00.319298140Z","satisfiesPzi":true},{"name":"projects/unspace4/locations/us-central1/functions/submitServiceRequest","buildConfig":{"build":"projects/403008807373/locations/us-central1/builds/d4f8fed2-e481-4aec-a38a-c23cf82f5c02","runtime":"nodejs22","entryPoint":"submitServiceRequest","source":{"storageSource":{"bucket":"gcf-v2-sources-403008807373-us-central1","object":"submitServiceRequest/function-source.zip","generation":"1769866721074678"}},"environmentVariables":{"GOOGLE_NODE_RUN_SCRIPTS":""},"dockerRepository":"projects/unspace4/locations/us-central1/repositories/gcf-artifacts","sourceProvenance":{"resolvedStorageSource":{"bucket":"gcf-v2-sources-403008807373-us-central1","object":"submitServiceRequest/function-source.zip","generation":"1769866721074678"}},"dockerRegistry":"ARTIFACT_REGISTRY","serviceAccount":"projects/unspace4/serviceAccounts/403008807373-compute@developer.gserviceaccount.com","automaticUpdatePolicy":{}},"serviceConfig":{"service":"projects/unspace4/locations/us-central1/services/submitservicerequest","timeoutSeconds":60,"environmentVariables":{"FIREBASE_CONFIG":"{\"projectId\":\"unspace4\",\"storageBucket\":\"unspace4.firebasestorage.app\"}","GCLOUD_PROJECT":"unspace4","EVENTARC_CLOUD_EVENT_SOURCE":"projects/unspace4/locations/us-central1/services/submitServiceRequest","FUNCTION_TARGET":"submitServiceRequest","LOG_EXECUTION_ID":"true","FUNCTION_SIGNATURE_TYPE":"http"},"maxInstanceCount":10,"ingressSettings":"ALLOW_ALL","uri":"https://submitservicerequest-2fb6a52fxa-uc.a.run.app","serviceAccountEmail":"403008807373-compute@developer.gserviceaccount.com","availableMemory":"256Mi","allTrafficOnLatestRevision":true,"revision":"submitservicerequest-00003-siy","maxInstanceRequestConcurrency":80,"availableCpu":"1"},"state":"ACTIVE","updateTime":"2026-01-31T13:39:32.689349803Z","labels":{"firebase-functions-hash":"b0cf8de241385d9af78c75801db46cbab2ef653b","deployment-tool":"cli-firebase","deployment-callable":"true"},"environment":"GEN_2","url":"https://us-central1-unspace4.cloudfunctions.net/submitServiceRequest","createTime":"2025-10-15T04:37:00.340932589Z","satisfiesPzi":true},{"name":"projects/unspace4/locations/us-central1/functions/getReviews","buildConfig":{"build":"projects/403008807373/locations/us-central1/builds/34d3e582-a9ae-4c10-bba8-836ecf7a1188","runtime":"nodejs22","entryPoint":"getReviews","source":{"storageSource":{"bucket":"gcf-v2-sources-403008807373-us-central1","object":"getReviews/function-source.zip","generation":"1769866721084478"}},"environmentVariables":{"GOOGLE_NODE_RUN_SCRIPTS":""},"dockerRepository":"projects/unspace4/locations/us-central1/repositories/gcf-artifacts","sourceProvenance":{"resolvedStorageSource":{"bucket":"gcf-v2-sources-403008807373-us-central1","object":"getReviews/function-source.zip","generation":"1769866721084478"}},"dockerRegistry":"ARTIFACT_REGISTRY","serviceAccount":"projects/unspace4/serviceAccounts/403008807373-compute@developer.gserviceaccount.com","automaticUpdatePolicy":{}},"serviceConfig":{"service":"projects/unspace4/locations/us-central1/services/getreviews","timeoutSeconds":60,"environmentVariables":{"FIREBASE_CONFIG":"{\"projectId\":\"unspace4\",\"storageBucket\":\"unspace4.firebasestorage.app\"}","GCLOUD_PROJECT":"unspace4","EVENTARC_CLOUD_EVENT_SOURCE":"projects/unspace4/locations/us-central1/services/getReviews","FUNCTION_TARGET":"getReviews","LOG_EXECUTION_ID":"true","FUNCTION_SIGNATURE_TYPE":"http"},"maxInstanceCount":10,"ingressSettings":"ALLOW_ALL","uri":"https://getreviews-2fb6a52fxa-uc.a.run.app","serviceAccountEmail":"403008807373-compute@developer.gserviceaccount.com","availableMemory":"256Mi","allTrafficOnLatestRevision":true,"revision":"getreviews-00003-vit","maxInstanceRequestConcurrency":80,"availableCpu":"1"},"state":"ACTIVE","updateTime":"2026-01-31T13:39:42.844846723Z","labels":{"deployment-callable":"true","firebase-functions-hash":"b0cf8de241385d9af78c75801db46cbab2ef653b","deployment-tool":"cli-firebase"},"environment":"GEN_2","url":"https://us-central1-unspace4.cloudfunctions.net/getReviews","createTime":"2025-10-15T04:37:00.386823911Z","satisfiesPzi":true},{"name":"projects/unspace4/locations/us-central1/functions/getAdminStats","buildConfig":{"build":"projects/403008807373/locations/us-central1/builds/d1431211-97a8-431b-b17f-7d85a3ddeca9","runtime":"nodejs22","entryPoint":"getAdminStats","source":{"storageSource":{"bucket":"gcf-v2-sources-403008807373-us-central1","object":"getAdminStats/function-source.zip","generation":"1769866720978390"}},"environmentVariables":{"GOOGLE_NODE_RUN_SCRIPTS":""},"dockerRepository":"projects/unspace4/locations/us-central1/repositories/gcf-artifacts","sourceProvenance":{"resolvedStorageSource":{"bucket":"gcf-v2-sources-403008807373-us-central1","object":"getAdminStats/function-source.zip","generation":"1769866720978390"}},"dockerRegistry":"ARTIFACT_REGISTRY","serviceAccount":"projects/unspace4/serviceAccounts/403008807373-compute@developer.gserviceaccount.com","automaticUpdatePolicy":{}},"serviceConfig":{"service":"projects/unspace4/locations/us-central1/services/getadminstats","timeoutSeconds":60,"environmentVariables":{"FIREBASE_CONFIG":"{\"projectId\":\"unspace4\",\"storageBucket\":\"unspace4.firebasestorage.app\"}","GCLOUD_PROJECT":"unspace4","EVENTARC_CLOUD_EVENT_SOURCE":"projects/unspace4/locations/us-central1/services/getAdminStats","FUNCTION_TARGET":"getAdminStats","LOG_EXECUTION_ID":"true"},"maxInstanceCount":10,"ingressSettings":"ALLOW_ALL","uri":"https://getadminstats-2fb6a52fxa-uc.a.run.app","serviceAccountEmail":"403008807373-compute@developer.gserviceaccount.com","availableMemory":"256Mi","allTrafficOnLatestRevision":true,"revision":"getadminstats-00002-qey","maxInstanceRequestConcurrency":80,"availableCpu":"1"},"state":"ACTIVE","updateTime":"2026-01-31T13:39:38.022152698Z","labels":{"deployment-callable":"true","firebase-functions-hash":"b0cf8de241385d9af78c75801db46cbab2ef653b","deployment-tool":"cli-firebase"},"environment":"GEN_2","url":"https://us-central1-unspace4.cloudfunctions.net/getAdminStats","createTime":"2026-01-31T13:15:32.293056562Z","satisfiesPzi":true},{"name":"projects/unspace4/locations/us-central1/functions/getAllBooks","buildConfig":{"build":"projects/403008807373/locations/us-central1/builds/560bc523-b35f-4f19-bc3f-db4a253b2591","runtime":"nodejs22","entryPoint":"getAllBooks","source":{"storageSource":{"bucket":"gcf-v2-sources-403008807373-us-central1","object":"getAllBooks/function-source.zip","generation":"1769866720499325"}},"environmentVariables":{"GOOGLE_NODE_RUN_SCRIPTS":""},"dockerRepository":"projects/unspace4/locations/us-central1/repositories/gcf-artifacts","sourceProvenance":{"resolvedStorageSource":{"bucket":"gcf-v2-sources-403008807373-us-central1","object":"getAllBooks/function-source.zip","generation":"1769866720499325"}},"dockerRegistry":"ARTIFACT_REGISTRY","serviceAccount":"projects/unspace4/serviceAccounts/403008807373-compute@developer.gserviceaccount.com","automaticUpdatePolicy":{}},"serviceConfig":{"service":"projects/unspace4/locations/us-central1/services/getallbooks","timeoutSeconds":60,"environmentVariables":{"FIREBASE_CONFIG":"{\"projectId\":\"unspace4\",\"storageBucket\":\"unspace4.firebasestorage.app\"}","GCLOUD_PROJECT":"unspace4","EVENTARC_CLOUD_EVENT_SOURCE":"projects/unspace4/locations/us-central1/services/getAllBooks","FUNCTION_TARGET":"getAllBooks","LOG_EXECUTION_ID":"true","FUNCTION_SIGNATURE_TYPE":"http"},"maxInstanceCount":10,"ingressSettings":"ALLOW_ALL","uri":"https://getallbooks-2fb6a52fxa-uc.a.run.app","serviceAccountEmail":"403008807373-compute@developer.gserviceaccount.com","availableMemory":"256Mi","allTrafficOnLatestRevision":true,"revision":"getallbooks-00003-den","maxInstanceRequestConcurrency":80,"availableCpu":"1"},"state":"ACTIVE","updateTime":"2026-01-31T13:39:30.959057068Z","labels":{"deployment-tool":"cli-firebase","deployment-callable":"true","firebase-functions-hash":"b0cf8de241385d9af78c75801db46cbab2ef653b"},"environment":"GEN_2","url":"https://us-central1-unspace4.cloudfunctions.net/getAllBooks","createTime":"2025-10-15T04:37:00.374987893Z","satisfiesPzi":true},{"name":"projects/unspace4/locations/us-central1/functions/api","buildConfig":{"build":"projects/403008807373/locations/us-central1/builds/4d2a04b0-c4b3-4528-9bfe-14007ae8ad68","runtime":"nodejs22","entryPoint":"api","source":{"storageSource":{"bucket":"gcf-v2-sources-403008807373-us-central1","object":"api/function-source.zip","generation":"1769866720970464"}},"environmentVariables":{"GOOGLE_NODE_RUN_SCRIPTS":""},"dockerRepository":"projects/unspace4/locations/us-central1/repositories/gcf-artifacts","sourceProvenance":{"resolvedStorageSource":{"bucket":"gcf-v2-sources-403008807373-us-central1","object":"api/function-source.zip","generation":"1769866720970464"}},"dockerRegistry":"ARTIFACT_REGISTRY","serviceAccount":"projects/unspace4/serviceAccounts/403008807373-compute@developer.gserviceaccount.com","automaticUpdatePolicy":{}},"serviceConfig":{"service":"projects/unspace4/locations/us-central1/services/api","timeoutSeconds":60,"environmentVariables":{"FIREBASE_CONFIG":"{\"projectId\":\"unspace4\",\"storageBucket\":\"unspace4.firebasestorage.app\"}","GCLOUD_PROJECT":"unspace4","EVENTARC_CLOUD_EVENT_SOURCE":"projects/unspace4/locations/us-central1/services/api","FUNCTION_TARGET":"api","LOG_EXECUTION_ID":"true"},"maxInstanceCount":10,"ingressSettings":"ALLOW_ALL","uri":"https://api-2fb6a52fxa-uc.a.run.app","serviceAccountEmail":"403008807373-compute@developer.gserviceaccount.com","availableMemory":"256Mi","allTrafficOnLatestRevision":true,"revision":"api-00003-tel","maxInstanceRequestConcurrency":80,"availableCpu":"1"},"state":"ACTIVE","updateTime":"2026-01-31T13:39:31.592150542Z","labels":{"deployment-tool":"cli-firebase","firebase-functions-hash":"b0cf8de241385d9af78c75801db46cbab2ef653b"},"environment":"GEN_2","url":"https://us-central1-unspace4.cloudfunctions.net/api","createTime":"2025-10-15T04:35:46.905887537Z","satisfiesPzi":true},{"name":"projects/unspace4/locations/us-central1/functions/findMatchingBooks","buildConfig":{"build":"projects/403008807373/locations/us-central1/builds/1a8a0f81-beab-402b-8f0e-47b9cdfe9f0a","runtime":"nodejs22","entryPoint":"findMatchingBooks","source":{"storageSource":{"bucket":"gcf-v2-sources-403008807373-us-central1","object":"findMatchingBooks/function-source.zip","generation":"1769866721160041"}},"environmentVariables":{"GOOGLE_NODE_RUN_SCRIPTS":""},"dockerRepository":"projects/unspace4/locations/us-central1/repositories/gcf-artifacts","sourceProvenance":{"resolvedStorageSource":{"bucket":"gcf-v2-sources-403008807373-us-central1","object":"findMatchingBooks/function-source.zip","generation":"1769866721160041"}},"dockerRegistry":"ARTIFACT_REGISTRY","serviceAccount":"projects/unspace4/serviceAccounts/403008807373-compute@developer.gserviceaccount.com","automaticUpdatePolicy":{}},"serviceConfig":{"service":"projects/unspace4/locations/us-central1/services/findmatchingbooks","timeoutSeconds":60,"environmentVariables":{"FIREBASE_CONFIG":"{\"projectId\":\"unspace4\",\"storageBucket\":\"unspace4.firebasestorage.app\"}","GCLOUD_PROJECT":"unspace4","EVENTARC_CLOUD_EVENT_SOURCE":"projects/unspace4/locations/us-central1/services/findMatchingBooks","FUNCTION_TARGET":"findMatchingBooks","LOG_EXECUTION_ID":"true","FUNCTION_SIGNATURE_TYPE":"http"},"maxInstanceCount":10,"ingressSettings":"ALLOW_ALL","uri":"https://findmatchingbooks-2fb6a52fxa-uc.a.run.app","serviceAccountEmail":"403008807373-compute@developer.gserviceaccount.com","availableMemory":"256Mi","allTrafficOnLatestRevision":true,"revision":"findmatchingbooks-00003-lav","maxInstanceRequestConcurrency":80,"availableCpu":"1"},"state":"ACTIVE","updateTime":"2026-01-31T13:39:38.026010268Z","labels":{"deployment-callable":"true","firebase-functions-hash":"b0cf8de241385d9af78c75801db46cbab2ef653b","deployment-tool":"cli-firebase"},"environment":"GEN_2","url":"https://us-central1-unspace4.cloudfunctions.net/findMatchingBooks","createTime":"2025-10-15T04:37:00.369425081Z","satisfiesPzi":true},{"name":"projects/unspace4/locations/us-central1/functions/getUserListings","buildConfig":{"build":"projects/403008807373/locations/us-central1/builds/fd8e801f-9adb-496e-976a-b5a5757ef354","runtime":"nodejs22","entryPoint":"getUserListings","source":{"storageSource":{"bucket":"gcf-v2-sources-403008807373-us-central1","object":"getUserListings/function-source.zip","generation":"1769866721012701"}},"environmentVariables":{"GOOGLE_NODE_RUN_SCRIPTS":""},"dockerRepository":"projects/unspace4/locations/us-central1/repositories/gcf-artifacts","sourceProvenance":{"resolvedStorageSource":{"bucket":"gcf-v2-sources-403008807373-us-central1","object":"getUserListings/function-source.zip","generation":"1769866721012701"}},"dockerRegistry":"ARTIFACT_REGISTRY","serviceAccount":"projects/unspace4/serviceAccounts/403008807373-compute@developer.gserviceaccount.com","automaticUpdatePolicy":{}},"serviceConfig":{"service":"projects/unspace4/locations/us-central1/services/getuserlistings","timeoutSeconds":60,"environmentVariables":{"FIREBASE_CONFIG":"{\"projectId\":\"unspace4\",\"storageBucket\":\"unspace4.firebasestorage.app\"}","GCLOUD_PROJECT":"unspace4","EVENTARC_CLOUD_EVENT_SOURCE":"projects/unspace4/locations/us-central1/services/getUserListings","FUNCTION_TARGET":"getUserListings","LOG_EXECUTION_ID":"true"},"maxInstanceCount":10,"ingressSettings":"ALLOW_ALL","uri":"https://getuserlistings-2fb6a52fxa-uc.a.run.app","serviceAccountEmail":"403008807373-compute@developer.gserviceaccount.com","availableMemory":"256Mi","allTrafficOnLatestRevision":true,"revision":"getuserlistings-00002-wip","maxInstanceRequestConcurrency":80,"availableCpu":"1"},"state":"ACTIVE","updateTime":"2026-01-31T13:40:13.130401586Z","labels":{"firebase-functions-hash":"b0cf8de241385d9af78c75801db46cbab2ef653b","deployment-tool":"cli-firebase","deployment-callable":"true"},"environment":"GEN_2","url":"https://us-central1-unspace4.cloudfunctions.net/getUserListings","createTime":"2026-01-31T13:15:32.286257100Z","satisfiesPzi":true},{"name":"projects/unspace4/locations/us-central1/functions/getAllListings","buildConfig":{"build":"projects/403008807373/locations/us-central1/builds/f1a0bc30-bf6f-459a-9653-aa1273be1166","runtime":"nodejs22","entryPoint":"getAllListings","source":{"storageSource":{"bucket":"gcf-v2-sources-403008807373-us-central1","object":"getAllListings/function-source.zip","generation":"1769866721054003"}},"environmentVariables":{"GOOGLE_NODE_RUN_SCRIPTS":""},"dockerRepository":"projects/unspace4/locations/us-central1/repositories/gcf-artifacts","sourceProvenance":{"resolvedStorageSource":{"bucket":"gcf-v2-sources-403008807373-us-central1","object":"getAllListings/function-source.zip","generation":"1769866721054003"}},"dockerRegistry":"ARTIFACT_REGISTRY","serviceAccount":"projects/unspace4/serviceAccounts/403008807373-compute@developer.gserviceaccount.com","automaticUpdatePolicy":{}},"serviceConfig":{"service":"projects/unspace4/locations/us-central1/services/getalllistings","timeoutSeconds":60,"environmentVariables":{"FIREBASE_CONFIG":"{\"projectId\":\"unspace4\",\"storageBucket\":\"unspace4.firebasestorage.app\"}","GCLOUD_PROJECT":"unspace4","EVENTARC_CLOUD_EVENT_SOURCE":"projects/unspace4/locations/us-central1/services/getAllListings","FUNCTION_TARGET":"getAllListings","LOG_EXECUTION_ID":"true","FUNCTION_SIGNATURE_TYPE":"http"},"maxInstanceCount":10,"ingressSettings":"ALLOW_ALL","uri":"https://getalllistings-2fb6a52fxa-uc.a.run.app","serviceAccountEmail":"403008807373-compute@developer.gserviceaccount.com","availableMemory":"256Mi","allTrafficOnLatestRevision":true,"revision":"getalllistings-00003-zij","maxInstanceRequestConcurrency":80,"availableCpu":"1"},"state":"ACTIVE","updateTime":"2026-01-31T13:39:41.437227989Z","labels":{"deployment-tool":"cli-firebase","deployment-callable":"true","firebase-functions-hash":"b0cf8de241385d9af78c75801db46cbab2ef653b"},"environment":"GEN_2","url":"https://us-central1-unspace4.cloudfunctions.net/getAllListings","createTime":"2025-10-15T04:37:00.297854873Z","satisfiesPzi":true},{"name":"projects/unspace4/locations/us-central1/functions/applyToRequest","buildConfig":{"build":"projects/403008807373/locations/us-central1/builds/7ac71a4b-c686-451f-8a11-858bba92d905","runtime":"nodejs22","entryPoint":"applyToRequest","source":{"storageSource":{"bucket":"gcf-v2-sources-403008807373-us-central1","object":"applyToRequest/function-source.zip","generation":"1769866721053637"}},"environmentVariables":{"GOOGLE_NODE_RUN_SCRIPTS":""},"dockerRepository":"projects/unspace4/locations/us-central1/repositories/gcf-artifacts","sourceProvenance":{"resolvedStorageSource":{"bucket":"gcf-v2-sources-403008807373-us-central1","object":"applyToRequest/function-source.zip","generation":"1769866721053637"}},"dockerRegistry":"ARTIFACT_REGISTRY","serviceAccount":"projects/unspace4/serviceAccounts/403008807373-compute@developer.gserviceaccount.com","automaticUpdatePolicy":{}},"serviceConfig":{"service":"projects/unspace4/locations/us-central1/services/applytorequest","timeoutSeconds":60,"environmentVariables":{"FIREBASE_CONFIG":"{\"projectId\":\"unspace4\",\"storageBucket\":\"unspace4.firebasestorage.app\"}","GCLOUD_PROJECT":"unspace4","EVENTARC_CLOUD_EVENT_SOURCE":"projects/unspace4/locations/us-central1/services/applyToRequest","FUNCTION_TARGET":"applyToRequest","LOG_EXECUTION_ID":"true"},"maxInstanceCount":10,"ingressSettings":"ALLOW_ALL","uri":"https://applytorequest-2fb6a52fxa-uc.a.run.app","serviceAccountEmail":"403008807373-compute@developer.gserviceaccount.com","availableMemory":"256Mi","allTrafficOnLatestRevision":true,"revision":"applytorequest-00002-yow","maxInstanceRequestConcurrency":80,"availableCpu":"1"},"state":"ACTIVE","updateTime":"2026-01-31T13:39:32.430205058Z","labels":{"deployment-tool":"cli-firebase","deployment-callable":"true","firebase-functions-hash":"b0cf8de241385d9af78c75801db46cbab2ef653b"},"environment":"GEN_2","url":"https://us-central1-unspace4.cloudfunctions.net/applyToRequest","createTime":"2026-01-31T13:15:32.302771013Z","satisfiesPzi":true},{"name":"projects/unspace4/locations/us-central1/functions/getBusinessProfile","buildConfig":{"build":"projects/403008807373/locations/us-central1/builds/6c1cfaa9-15c6-457a-ac12-347bf999cfe5","runtime":"nodejs22","entryPoint":"getBusinessProfile","source":{"storageSource":{"bucket":"gcf-v2-sources-403008807373-us-central1","object":"getBusinessProfile/function-source.zip","generation":"1769866721057043"}},"environmentVariables":{"GOOGLE_NODE_RUN_SCRIPTS":""},"dockerRepository":"projects/unspace4/locations/us-central1/repositories/gcf-artifacts","sourceProvenance":{"resolvedStorageSource":{"bucket":"gcf-v2-sources-403008807373-us-central1","object":"getBusinessProfile/function-source.zip","generation":"1769866721057043"}},"dockerRegistry":"ARTIFACT_REGISTRY","serviceAccount":"projects/unspace4/serviceAccounts/403008807373-compute@developer.gserviceaccount.com","automaticUpdatePolicy":{}},"serviceConfig":{"service":"projects/unspace4/locations/us-central1/services/getbusinessprofile","timeoutSeconds":60,"environmentVariables":{"FIREBASE_CONFIG":"{\"projectId\":\"unspace4\",\"storageBucket\":\"unspace4.firebasestorage.app\"}","GCLOUD_PROJECT":"unspace4","EVENTARC_CLOUD_EVENT_SOURCE":"projects/unspace4/locations/us-central1/services/getBusinessProfile","FUNCTION_TARGET":"getBusinessProfile","LOG_EXECUTION_ID":"true","FUNCTION_SIGNATURE_TYPE":"http"},"maxInstanceCount":10,"ingressSettings":"ALLOW_ALL","uri":"https://getbusinessprofile-2fb6a52fxa-uc.a.run.app","serviceAccountEmail":"403008807373-compute@developer.gserviceaccount.com","availableMemory":"256Mi","allTrafficOnLatestRevision":true,"revision":"getbusinessprofile-00003-qih","maxInstanceRequestConcurrency":80,"availableCpu":"1"},"state":"ACTIVE","updateTime":"2026-01-31T13:39:37.798569023Z","labels":{"deployment-tool":"cli-firebase","deployment-callable":"true","firebase-functions-hash":"b0cf8de241385d9af78c75801db46cbab2ef653b"},"environment":"GEN_2","url":"https://us-central1-unspace4.cloudfunctions.net/getBusinessProfile","createTime":"2025-10-15T04:36:59.505409136Z","satisfiesPzi":true}]}
[info] i  functions: ensuring required API run.googleapis.com is enabled... 
[info] i  functions: ensuring required API eventarc.googleapis.com is enabled... 
[info] i  functions: ensuring required API pubsub.googleapis.com is enabled... 
[info] i  functions: ensuring required API storage.googleapis.com is enabled... 
[info] i  functions: generating the service identity for pubsub.googleapis.com... 
[debug] [2026-02-08T18:02:11.766Z] Checked if tokens are valid: true, expires at: 1770577303786
[debug] [2026-02-08T18:02:11.766Z] Checked if tokens are valid: true, expires at: 1770577303786
[info] i  functions: generating the service identity for eventarc.googleapis.com... 
[debug] [2026-02-08T18:02:11.766Z] Checked if tokens are valid: true, expires at: 1770577303786
[debug] [2026-02-08T18:02:11.767Z] Checked if tokens are valid: true, expires at: 1770577303786
[debug] [2026-02-08T18:02:11.767Z] >>> [apiv2][query] POST https://serviceusage.googleapis.com/v1beta1/projects/403008807373/services/pubsub.googleapis.com:generateServiceIdentity [none]
[debug] [2026-02-08T18:02:11.767Z] >>> [apiv2][(partial)header] POST https://serviceusage.googleapis.com/v1beta1/projects/403008807373/services/pubsub.googleapis.com:generateServiceIdentity x-goog-quota-user=projects/403008807373
[debug] [2026-02-08T18:02:11.767Z] >>> [apiv2][body] POST https://serviceusage.googleapis.com/v1beta1/projects/403008807373/services/pubsub.googleapis.com:generateServiceIdentity {}
[debug] [2026-02-08T18:02:11.770Z] >>> [apiv2][query] POST https://serviceusage.googleapis.com/v1beta1/projects/403008807373/services/eventarc.googleapis.com:generateServiceIdentity [none]
[debug] [2026-02-08T18:02:11.770Z] >>> [apiv2][(partial)header] POST https://serviceusage.googleapis.com/v1beta1/projects/403008807373/services/eventarc.googleapis.com:generateServiceIdentity x-goog-quota-user=projects/403008807373
[debug] [2026-02-08T18:02:11.770Z] >>> [apiv2][body] POST https://serviceusage.googleapis.com/v1beta1/projects/403008807373/services/eventarc.googleapis.com:generateServiceIdentity {}
[debug] [2026-02-08T18:02:13.880Z] <<< [apiv2][status] POST https://serviceusage.googleapis.com/v1beta1/projects/403008807373/services/eventarc.googleapis.com:generateServiceIdentity 200
[debug] [2026-02-08T18:02:13.880Z] <<< [apiv2][body] POST https://serviceusage.googleapis.com/v1beta1/projects/403008807373/services/eventarc.googleapis.com:generateServiceIdentity {"name":"operations/finished.DONE_OPERATION","done":true,"response":{"@type":"type.googleapis.com/google.api.serviceusage.v1beta1.ServiceIdentity","email":"service-403008807373@gcp-sa-eventarc.iam.gserviceaccount.com","uniqueId":"103174226612027406471"}}
[debug] [2026-02-08T18:02:13.884Z] <<< [apiv2][status] POST https://serviceusage.googleapis.com/v1beta1/projects/403008807373/services/pubsub.googleapis.com:generateServiceIdentity 200
[debug] [2026-02-08T18:02:13.885Z] <<< [apiv2][body] POST https://serviceusage.googleapis.com/v1beta1/projects/403008807373/services/pubsub.googleapis.com:generateServiceIdentity {"name":"operations/finished.DONE_OPERATION","done":true,"response":{"@type":"type.googleapis.com/google.api.serviceusage.v1beta1.ServiceIdentity","email":"service-403008807373@gcp-sa-pubsub.iam.gserviceaccount.com","uniqueId":"116389735266779976247"}}
[debug] [2026-02-08T18:02:13.893Z] Checked if tokens are valid: true, expires at: 1770577303786
[debug] [2026-02-08T18:02:13.894Z] Checked if tokens are valid: true, expires at: 1770577303786
[debug] [2026-02-08T18:02:13.894Z] >>> [apiv2][query] GET https://cloudresourcemanager.googleapis.com/v1/projects/unspace4 [none]
